[2016-05-26 06:14:44] main.DEBUG: cache_invalidate:  {"method":"POST","url":"http://work:8085/jc16/php/setup/index.php/install/start","invalidateInfo":{"tags":["CONFIG"],"mode":"matchingTag"},"is_exception":false} []
[2016-05-26 06:14:44] main.DEBUG: cache_invalidate:  {"method":"POST","url":"http://work:8085/jc16/php/setup/index.php/install/start","invalidateInfo":{"tags":["LAYOUT_GENERAL_CACHE_TAG"],"mode":"matchingTag"},"is_exception":false} []
[2016-05-26 06:14:44] main.DEBUG: cache_invalidate:  {"method":"POST","url":"http://work:8085/jc16/php/setup/index.php/install/start","invalidateInfo":{"tags":["BLOCK_HTML"],"mode":"matchingTag"},"is_exception":false} []
[2016-05-26 06:14:44] main.DEBUG: cache_invalidate:  {"method":"POST","url":"http://work:8085/jc16/php/setup/index.php/install/start","invalidateInfo":{"tags":["COLLECTION_DATA"],"mode":"matchingTag"},"is_exception":false} []
[2016-05-26 06:14:44] main.DEBUG: cache_invalidate:  {"method":"POST","url":"http://work:8085/jc16/php/setup/index.php/install/start","invalidateInfo":{"tags":["REFLECTION"],"mode":"matchingTag"},"is_exception":false} []
[2016-05-26 06:14:44] main.DEBUG: cache_invalidate:  {"method":"POST","url":"http://work:8085/jc16/php/setup/index.php/install/start","invalidateInfo":{"tags":["DB_DDL"],"mode":"matchingTag"},"is_exception":false} []
[2016-05-26 06:14:44] main.DEBUG: cache_invalidate:  {"method":"POST","url":"http://work:8085/jc16/php/setup/index.php/install/start","invalidateInfo":{"tags":["EAV"],"mode":"matchingTag"},"is_exception":false} []
[2016-05-26 06:14:44] main.DEBUG: cache_invalidate:  {"method":"POST","url":"http://work:8085/jc16/php/setup/index.php/install/start","invalidateInfo":{"tags":["INTEGRATION"],"mode":"matchingTag"},"is_exception":false} []
[2016-05-26 06:14:44] main.DEBUG: cache_invalidate:  {"method":"POST","url":"http://work:8085/jc16/php/setup/index.php/install/start","invalidateInfo":{"tags":["INTEGRATION_API_CONFIG"],"mode":"matchingTag"},"is_exception":false} []
[2016-05-26 06:14:44] main.DEBUG: cache_invalidate:  {"method":"POST","url":"http://work:8085/jc16/php/setup/index.php/install/start","invalidateInfo":{"tags":["FPC"],"mode":"matchingTag"},"is_exception":false} []
[2016-05-26 06:14:44] main.DEBUG: cache_invalidate:  {"method":"POST","url":"http://work:8085/jc16/php/setup/index.php/install/start","invalidateInfo":{"tags":["TRANSLATE"],"mode":"matchingTag"},"is_exception":false} []
[2016-05-26 06:14:44] main.DEBUG: cache_invalidate:  {"method":"POST","url":"http://work:8085/jc16/php/setup/index.php/install/start","invalidateInfo":{"tags":["WEBSERVICE"],"mode":"matchingTag"},"is_exception":false} []
[2016-05-26 06:14:46] main.DEBUG: cache_invalidate:  {"method":"POST","url":"http://work:8085/jc16/php/setup/index.php/install/start","invalidateInfo":{"tags":["EAV"],"mode":"matchingAnyTag"},"is_exception":false} []
[2016-05-26 06:14:47] main.DEBUG: cache_invalidate:  {"method":"POST","url":"http://work:8085/jc16/php/setup/index.php/install/start","invalidateInfo":{"tags":["EAV","EAV_ATTRIBUTE"],"mode":"matchingAnyTag"},"is_exception":false} []
[2016-05-26 06:14:47] main.DEBUG: cache_invalidate:  {"method":"POST","url":"http://work:8085/jc16/php/setup/index.php/install/start","invalidateInfo":{"tags":["EAV_ATTRIBUTE"],"mode":"matchingAnyTag"},"is_exception":false} []
[2016-05-26 06:14:47] main.DEBUG: cache_invalidate:  {"method":"POST","url":"http://work:8085/jc16/php/setup/index.php/install/start","invalidateInfo":{"tags":["EAV_ATTRIBUTE_21","EAV_ATTRIBUTE"],"mode":"matchingAnyTag"},"is_exception":false} []
[2016-05-26 06:14:47] main.DEBUG: cache_invalidate:  {"method":"POST","url":"http://work:8085/jc16/php/setup/index.php/install/start","invalidateInfo":{"tags":["EAV_ATTRIBUTE_21","EAV_ATTRIBUTE"],"mode":"matchingAnyTag"},"is_exception":false} []
[2016-05-26 06:14:47] main.DEBUG: cache_invalidate:  {"method":"POST","url":"http://work:8085/jc16/php/setup/index.php/install/start","invalidateInfo":{"tags":["EAV","EAV_ATTRIBUTE"],"mode":"matchingAnyTag"},"is_exception":false} []
[2016-05-26 06:14:47] main.DEBUG: cache_invalidate:  {"method":"POST","url":"http://work:8085/jc16/php/setup/index.php/install/start","invalidateInfo":{"tags":["EAV_ATTRIBUTE"],"mode":"matchingAnyTag"},"is_exception":false} []
[2016-05-26 06:14:47] main.DEBUG: cache_invalidate:  {"method":"POST","url":"http://work:8085/jc16/php/setup/index.php/install/start","invalidateInfo":{"tags":["EAV_ATTRIBUTE_36","EAV_ATTRIBUTE"],"mode":"matchingAnyTag"},"is_exception":false} []
[2016-05-26 06:14:47] main.DEBUG: cache_invalidate:  {"method":"POST","url":"http://work:8085/jc16/php/setup/index.php/install/start","invalidateInfo":{"tags":["EAV_ATTRIBUTE_36","EAV_ATTRIBUTE"],"mode":"matchingAnyTag"},"is_exception":false} []
[2016-05-26 06:14:47] main.DEBUG: cache_invalidate:  {"method":"POST","url":"http://work:8085/jc16/php/setup/index.php/install/start","invalidateInfo":{"tags":["EAV","EAV_ATTRIBUTE"],"mode":"matchingAnyTag"},"is_exception":false} []
[2016-05-26 06:14:47] main.DEBUG: cache_invalidate:  {"method":"POST","url":"http://work:8085/jc16/php/setup/index.php/install/start","invalidateInfo":{"tags":["EAV_ATTRIBUTE"],"mode":"matchingAnyTag"},"is_exception":false} []
[2016-05-26 06:14:47] main.DEBUG: cache_invalidate:  {"method":"POST","url":"http://work:8085/jc16/php/setup/index.php/install/start","invalidateInfo":{"tags":["EAV_ATTRIBUTE_1","EAV_ATTRIBUTE"],"mode":"matchingAnyTag"},"is_exception":false} []
[2016-05-26 06:14:47] main.DEBUG: cache_invalidate:  {"method":"POST","url":"http://work:8085/jc16/php/setup/index.php/install/start","invalidateInfo":{"tags":["EAV_ATTRIBUTE_1","EAV_ATTRIBUTE"],"mode":"matchingAnyTag"},"is_exception":false} []
[2016-05-26 06:14:47] main.DEBUG: cache_invalidate:  {"method":"POST","url":"http://work:8085/jc16/php/setup/index.php/install/start","invalidateInfo":{"tags":["EAV","EAV_ATTRIBUTE"],"mode":"matchingAnyTag"},"is_exception":false} []
[2016-05-26 06:14:47] main.DEBUG: cache_invalidate:  {"method":"POST","url":"http://work:8085/jc16/php/setup/index.php/install/start","invalidateInfo":{"tags":["EAV_ATTRIBUTE"],"mode":"matchingAnyTag"},"is_exception":false} []
[2016-05-26 06:14:47] main.DEBUG: cache_invalidate:  {"method":"POST","url":"http://work:8085/jc16/php/setup/index.php/install/start","invalidateInfo":{"tags":["EAV_ATTRIBUTE_3","EAV_ATTRIBUTE"],"mode":"matchingAnyTag"},"is_exception":false} []
[2016-05-26 06:14:47] main.DEBUG: cache_invalidate:  {"method":"POST","url":"http://work:8085/jc16/php/setup/index.php/install/start","invalidateInfo":{"tags":["EAV_ATTRIBUTE_3","EAV_ATTRIBUTE"],"mode":"matchingAnyTag"},"is_exception":false} []
[2016-05-26 06:14:47] main.DEBUG: cache_invalidate:  {"method":"POST","url":"http://work:8085/jc16/php/setup/index.php/install/start","invalidateInfo":{"tags":["EAV","EAV_ATTRIBUTE"],"mode":"matchingAnyTag"},"is_exception":false} []
[2016-05-26 06:14:47] main.DEBUG: cache_invalidate:  {"method":"POST","url":"http://work:8085/jc16/php/setup/index.php/install/start","invalidateInfo":{"tags":["EAV_ATTRIBUTE"],"mode":"matchingAnyTag"},"is_exception":false} []
[2016-05-26 06:14:47] main.DEBUG: cache_invalidate:  {"method":"POST","url":"http://work:8085/jc16/php/setup/index.php/install/start","invalidateInfo":{"tags":["EAV_ATTRIBUTE_9","EAV_ATTRIBUTE"],"mode":"matchingAnyTag"},"is_exception":false} []
[2016-05-26 06:14:47] main.DEBUG: cache_invalidate:  {"method":"POST","url":"http://work:8085/jc16/php/setup/index.php/install/start","invalidateInfo":{"tags":["EAV_ATTRIBUTE_9","EAV_ATTRIBUTE"],"mode":"matchingAnyTag"},"is_exception":false} []
[2016-05-26 06:14:47] main.DEBUG: cache_invalidate:  {"method":"POST","url":"http://work:8085/jc16/php/setup/index.php/install/start","invalidateInfo":{"tags":["EAV","EAV_ATTRIBUTE"],"mode":"matchingAnyTag"},"is_exception":false} []
[2016-05-26 06:14:47] main.DEBUG: cache_invalidate:  {"method":"POST","url":"http://work:8085/jc16/php/setup/index.php/install/start","invalidateInfo":{"tags":["EAV_ATTRIBUTE"],"mode":"matchingAnyTag"},"is_exception":false} []
[2016-05-26 06:14:47] main.DEBUG: cache_invalidate:  {"method":"POST","url":"http://work:8085/jc16/php/setup/index.php/install/start","invalidateInfo":{"tags":["EAV_ATTRIBUTE_10","EAV_ATTRIBUTE"],"mode":"matchingAnyTag"},"is_exception":false} []
[2016-05-26 06:14:47] main.DEBUG: cache_invalidate:  {"method":"POST","url":"http://work:8085/jc16/php/setup/index.php/install/start","invalidateInfo":{"tags":["EAV_ATTRIBUTE_10","EAV_ATTRIBUTE"],"mode":"matchingAnyTag"},"is_exception":false} []
[2016-05-26 06:14:48] main.DEBUG: cache_invalidate:  {"method":"POST","url":"http://work:8085/jc16/php/setup/index.php/install/start","invalidateInfo":{"tags":["EAV","EAV_ATTRIBUTE"],"mode":"matchingAnyTag"},"is_exception":false} []
[2016-05-26 06:14:48] main.DEBUG: cache_invalidate:  {"method":"POST","url":"http://work:8085/jc16/php/setup/index.php/install/start","invalidateInfo":{"tags":["EAV_ATTRIBUTE"],"mode":"matchingAnyTag"},"is_exception":false} []
[2016-05-26 06:14:48] main.DEBUG: cache_invalidate:  {"method":"POST","url":"http://work:8085/jc16/php/setup/index.php/install/start","invalidateInfo":{"tags":["EAV_ATTRIBUTE_11","EAV_ATTRIBUTE"],"mode":"matchingAnyTag"},"is_exception":false} []
[2016-05-26 06:14:48] main.DEBUG: cache_invalidate:  {"method":"POST","url":"http://work:8085/jc16/php/setup/index.php/install/start","invalidateInfo":{"tags":["EAV_ATTRIBUTE_11","EAV_ATTRIBUTE"],"mode":"matchingAnyTag"},"is_exception":false} []
[2016-05-26 06:14:48] main.DEBUG: cache_invalidate:  {"method":"POST","url":"http://work:8085/jc16/php/setup/index.php/install/start","invalidateInfo":{"tags":["EAV","EAV_ATTRIBUTE"],"mode":"matchingAnyTag"},"is_exception":false} []
[2016-05-26 06:14:48] main.DEBUG: cache_invalidate:  {"method":"POST","url":"http://work:8085/jc16/php/setup/index.php/install/start","invalidateInfo":{"tags":["EAV_ATTRIBUTE"],"mode":"matchingAnyTag"},"is_exception":false} []
[2016-05-26 06:14:48] main.DEBUG: cache_invalidate:  {"method":"POST","url":"http://work:8085/jc16/php/setup/index.php/install/start","invalidateInfo":{"tags":["EAV_ATTRIBUTE_17","EAV_ATTRIBUTE"],"mode":"matchingAnyTag"},"is_exception":false} []
[2016-05-26 06:14:48] main.DEBUG: cache_invalidate:  {"method":"POST","url":"http://work:8085/jc16/php/setup/index.php/install/start","invalidateInfo":{"tags":["EAV_ATTRIBUTE_17","EAV_ATTRIBUTE"],"mode":"matchingAnyTag"},"is_exception":false} []
[2016-05-26 06:14:48] main.DEBUG: cache_invalidate:  {"method":"POST","url":"http://work:8085/jc16/php/setup/index.php/install/start","invalidateInfo":{"tags":["EAV","EAV_ATTRIBUTE"],"mode":"matchingAnyTag"},"is_exception":false} []
[2016-05-26 06:14:48] main.DEBUG: cache_invalidate:  {"method":"POST","url":"http://work:8085/jc16/php/setup/index.php/install/start","invalidateInfo":{"tags":["EAV_ATTRIBUTE"],"mode":"matchingAnyTag"},"is_exception":false} []
[2016-05-26 06:14:48] main.DEBUG: cache_invalidate:  {"method":"POST","url":"http://work:8085/jc16/php/setup/index.php/install/start","invalidateInfo":{"tags":["EAV_ATTRIBUTE_18","EAV_ATTRIBUTE"],"mode":"matchingAnyTag"},"is_exception":false} []
[2016-05-26 06:14:48] main.DEBUG: cache_invalidate:  {"method":"POST","url":"http://work:8085/jc16/php/setup/index.php/install/start","invalidateInfo":{"tags":["EAV_ATTRIBUTE_18","EAV_ATTRIBUTE"],"mode":"matchingAnyTag"},"is_exception":false} []
[2016-05-26 06:14:48] main.DEBUG: cache_invalidate:  {"method":"POST","url":"http://work:8085/jc16/php/setup/index.php/install/start","invalidateInfo":{"tags":["EAV","EAV_ATTRIBUTE"],"mode":"matchingAnyTag"},"is_exception":false} []
[2016-05-26 06:14:48] main.DEBUG: cache_invalidate:  {"method":"POST","url":"http://work:8085/jc16/php/setup/index.php/install/start","invalidateInfo":{"tags":["EAV_ATTRIBUTE"],"mode":"matchingAnyTag"},"is_exception":false} []
[2016-05-26 06:14:48] main.DEBUG: cache_invalidate:  {"method":"POST","url":"http://work:8085/jc16/php/setup/index.php/install/start","invalidateInfo":{"tags":["EAV_ATTRIBUTE_19","EAV_ATTRIBUTE"],"mode":"matchingAnyTag"},"is_exception":false} []
[2016-05-26 06:14:48] main.DEBUG: cache_invalidate:  {"method":"POST","url":"http://work:8085/jc16/php/setup/index.php/install/start","invalidateInfo":{"tags":["EAV_ATTRIBUTE_19","EAV_ATTRIBUTE"],"mode":"matchingAnyTag"},"is_exception":false} []
[2016-05-26 06:14:48] main.DEBUG: cache_invalidate:  {"method":"POST","url":"http://work:8085/jc16/php/setup/index.php/install/start","invalidateInfo":{"tags":["EAV","EAV_ATTRIBUTE"],"mode":"matchingAnyTag"},"is_exception":false} []
[2016-05-26 06:14:48] main.DEBUG: cache_invalidate:  {"method":"POST","url":"http://work:8085/jc16/php/setup/index.php/install/start","invalidateInfo":{"tags":["EAV_ATTRIBUTE"],"mode":"matchingAnyTag"},"is_exception":false} []
[2016-05-26 06:14:48] main.DEBUG: cache_invalidate:  {"method":"POST","url":"http://work:8085/jc16/php/setup/index.php/install/start","invalidateInfo":{"tags":["EAV_ATTRIBUTE_20","EAV_ATTRIBUTE"],"mode":"matchingAnyTag"},"is_exception":false} []
[2016-05-26 06:14:48] main.DEBUG: cache_invalidate:  {"method":"POST","url":"http://work:8085/jc16/php/setup/index.php/install/start","invalidateInfo":{"tags":["EAV_ATTRIBUTE_20","EAV_ATTRIBUTE"],"mode":"matchingAnyTag"},"is_exception":false} []
[2016-05-26 06:14:48] main.DEBUG: cache_invalidate:  {"method":"POST","url":"http://work:8085/jc16/php/setup/index.php/install/start","invalidateInfo":{"tags":["EAV","EAV_ATTRIBUTE"],"mode":"matchingAnyTag"},"is_exception":false} []
[2016-05-26 06:14:48] main.DEBUG: cache_invalidate:  {"method":"POST","url":"http://work:8085/jc16/php/setup/index.php/install/start","invalidateInfo":{"tags":["EAV_ATTRIBUTE"],"mode":"matchingAnyTag"},"is_exception":false} []
[2016-05-26 06:14:48] main.DEBUG: cache_invalidate:  {"method":"POST","url":"http://work:8085/jc16/php/setup/index.php/install/start","invalidateInfo":{"tags":["EAV_ATTRIBUTE_27","EAV_ATTRIBUTE"],"mode":"matchingAnyTag"},"is_exception":false} []
[2016-05-26 06:14:48] main.DEBUG: cache_invalidate:  {"method":"POST","url":"http://work:8085/jc16/php/setup/index.php/install/start","invalidateInfo":{"tags":["EAV_ATTRIBUTE_27","EAV_ATTRIBUTE"],"mode":"matchingAnyTag"},"is_exception":false} []
[2016-05-26 06:14:48] main.DEBUG: cache_invalidate:  {"method":"POST","url":"http://work:8085/jc16/php/setup/index.php/install/start","invalidateInfo":{"tags":["EAV","EAV_ATTRIBUTE"],"mode":"matchingAnyTag"},"is_exception":false} []
[2016-05-26 06:14:48] main.DEBUG: cache_invalidate:  {"method":"POST","url":"http://work:8085/jc16/php/setup/index.php/install/start","invalidateInfo":{"tags":["EAV_ATTRIBUTE"],"mode":"matchingAnyTag"},"is_exception":false} []
[2016-05-26 06:14:48] main.DEBUG: cache_invalidate:  {"method":"POST","url":"http://work:8085/jc16/php/setup/index.php/install/start","invalidateInfo":{"tags":["EAV_ATTRIBUTE_28","EAV_ATTRIBUTE"],"mode":"matchingAnyTag"},"is_exception":false} []
[2016-05-26 06:14:48] main.DEBUG: cache_invalidate:  {"method":"POST","url":"http://work:8085/jc16/php/setup/index.php/install/start","invalidateInfo":{"tags":["EAV_ATTRIBUTE_28","EAV_ATTRIBUTE"],"mode":"matchingAnyTag"},"is_exception":false} []
[2016-05-26 06:14:48] main.DEBUG: cache_invalidate:  {"method":"POST","url":"http://work:8085/jc16/php/setup/index.php/install/start","invalidateInfo":{"tags":["EAV","EAV_ATTRIBUTE"],"mode":"matchingAnyTag"},"is_exception":false} []
[2016-05-26 06:14:48] main.DEBUG: cache_invalidate:  {"method":"POST","url":"http://work:8085/jc16/php/setup/index.php/install/start","invalidateInfo":{"tags":["EAV_ATTRIBUTE"],"mode":"matchingAnyTag"},"is_exception":false} []
[2016-05-26 06:14:48] main.DEBUG: cache_invalidate:  {"method":"POST","url":"http://work:8085/jc16/php/setup/index.php/install/start","invalidateInfo":{"tags":["EAV_ATTRIBUTE_29","EAV_ATTRIBUTE"],"mode":"matchingAnyTag"},"is_exception":false} []
[2016-05-26 06:14:48] main.DEBUG: cache_invalidate:  {"method":"POST","url":"http://work:8085/jc16/php/setup/index.php/install/start","invalidateInfo":{"tags":["EAV_ATTRIBUTE_29","EAV_ATTRIBUTE"],"mode":"matchingAnyTag"},"is_exception":false} []
[2016-05-26 06:14:48] main.DEBUG: cache_invalidate:  {"method":"POST","url":"http://work:8085/jc16/php/setup/index.php/install/start","invalidateInfo":{"tags":["EAV","EAV_ATTRIBUTE"],"mode":"matchingAnyTag"},"is_exception":false} []
[2016-05-26 06:14:48] main.DEBUG: cache_invalidate:  {"method":"POST","url":"http://work:8085/jc16/php/setup/index.php/install/start","invalidateInfo":{"tags":["EAV_ATTRIBUTE"],"mode":"matchingAnyTag"},"is_exception":false} []
[2016-05-26 06:14:48] main.DEBUG: cache_invalidate:  {"method":"POST","url":"http://work:8085/jc16/php/setup/index.php/install/start","invalidateInfo":{"tags":["EAV_ATTRIBUTE_30","EAV_ATTRIBUTE"],"mode":"matchingAnyTag"},"is_exception":false} []
[2016-05-26 06:14:48] main.DEBUG: cache_invalidate:  {"method":"POST","url":"http://work:8085/jc16/php/setup/index.php/install/start","invalidateInfo":{"tags":["EAV_ATTRIBUTE_30","EAV_ATTRIBUTE"],"mode":"matchingAnyTag"},"is_exception":false} []
[2016-05-26 06:14:49] main.DEBUG: cache_invalidate:  {"method":"POST","url":"http://work:8085/jc16/php/setup/index.php/install/start","invalidateInfo":{"tags":["EAV","EAV_ATTRIBUTE"],"mode":"matchingAnyTag"},"is_exception":false} []
[2016-05-26 06:14:49] main.DEBUG: cache_invalidate:  {"method":"POST","url":"http://work:8085/jc16/php/setup/index.php/install/start","invalidateInfo":{"tags":["EAV_ATTRIBUTE"],"mode":"matchingAnyTag"},"is_exception":false} []
[2016-05-26 06:14:49] main.DEBUG: cache_invalidate:  {"method":"POST","url":"http://work:8085/jc16/php/setup/index.php/install/start","invalidateInfo":{"tags":["EAV_ATTRIBUTE_31","EAV_ATTRIBUTE"],"mode":"matchingAnyTag"},"is_exception":false} []
[2016-05-26 06:14:49] main.DEBUG: cache_invalidate:  {"method":"POST","url":"http://work:8085/jc16/php/setup/index.php/install/start","invalidateInfo":{"tags":["EAV_ATTRIBUTE_31","EAV_ATTRIBUTE"],"mode":"matchingAnyTag"},"is_exception":false} []
[2016-05-26 06:14:49] main.DEBUG: cache_invalidate:  {"method":"POST","url":"http://work:8085/jc16/php/setup/index.php/install/start","invalidateInfo":{"tags":["EAV","EAV_ATTRIBUTE"],"mode":"matchingAnyTag"},"is_exception":false} []
[2016-05-26 06:14:49] main.DEBUG: cache_invalidate:  {"method":"POST","url":"http://work:8085/jc16/php/setup/index.php/install/start","invalidateInfo":{"tags":["EAV_ATTRIBUTE"],"mode":"matchingAnyTag"},"is_exception":false} []
[2016-05-26 06:14:49] main.DEBUG: cache_invalidate:  {"method":"POST","url":"http://work:8085/jc16/php/setup/index.php/install/start","invalidateInfo":{"tags":["EAV_ATTRIBUTE_32","EAV_ATTRIBUTE"],"mode":"matchingAnyTag"},"is_exception":false} []
[2016-05-26 06:14:49] main.DEBUG: cache_invalidate:  {"method":"POST","url":"http://work:8085/jc16/php/setup/index.php/install/start","invalidateInfo":{"tags":["EAV_ATTRIBUTE_32","EAV_ATTRIBUTE"],"mode":"matchingAnyTag"},"is_exception":false} []
[2016-05-26 06:14:49] main.DEBUG: cache_invalidate:  {"method":"POST","url":"http://work:8085/jc16/php/setup/index.php/install/start","invalidateInfo":{"tags":["EAV","EAV_ATTRIBUTE"],"mode":"matchingAnyTag"},"is_exception":false} []
[2016-05-26 06:14:49] main.DEBUG: cache_invalidate:  {"method":"POST","url":"http://work:8085/jc16/php/setup/index.php/install/start","invalidateInfo":{"tags":["EAV_ATTRIBUTE"],"mode":"matchingAnyTag"},"is_exception":false} []
[2016-05-26 06:14:49] main.DEBUG: cache_invalidate:  {"method":"POST","url":"http://work:8085/jc16/php/setup/index.php/install/start","invalidateInfo":{"tags":["EAV_ATTRIBUTE_33","EAV_ATTRIBUTE"],"mode":"matchingAnyTag"},"is_exception":false} []
[2016-05-26 06:14:49] main.DEBUG: cache_invalidate:  {"method":"POST","url":"http://work:8085/jc16/php/setup/index.php/install/start","invalidateInfo":{"tags":["EAV_ATTRIBUTE_33","EAV_ATTRIBUTE"],"mode":"matchingAnyTag"},"is_exception":false} []
[2016-05-26 06:14:49] main.DEBUG: cache_invalidate:  {"method":"POST","url":"http://work:8085/jc16/php/setup/index.php/install/start","invalidateInfo":{"tags":["EAV","EAV_ATTRIBUTE"],"mode":"matchingAnyTag"},"is_exception":false} []
[2016-05-26 06:14:49] main.DEBUG: cache_invalidate:  {"method":"POST","url":"http://work:8085/jc16/php/setup/index.php/install/start","invalidateInfo":{"tags":["EAV_ATTRIBUTE"],"mode":"matchingAnyTag"},"is_exception":false} []
[2016-05-26 06:14:49] main.DEBUG: cache_invalidate:  {"method":"POST","url":"http://work:8085/jc16/php/setup/index.php/install/start","invalidateInfo":{"tags":["EAV_ATTRIBUTE_34","EAV_ATTRIBUTE"],"mode":"matchingAnyTag"},"is_exception":false} []
[2016-05-26 06:14:49] main.DEBUG: cache_invalidate:  {"method":"POST","url":"http://work:8085/jc16/php/setup/index.php/install/start","invalidateInfo":{"tags":["EAV_ATTRIBUTE_34","EAV_ATTRIBUTE"],"mode":"matchingAnyTag"},"is_exception":false} []
[2016-05-26 06:14:49] main.DEBUG: cache_invalidate:  {"method":"POST","url":"http://work:8085/jc16/php/setup/index.php/install/start","invalidateInfo":{"tags":["EAV","EAV_ATTRIBUTE"],"mode":"matchingAnyTag"},"is_exception":false} []
[2016-05-26 06:14:49] main.DEBUG: cache_invalidate:  {"method":"POST","url":"http://work:8085/jc16/php/setup/index.php/install/start","invalidateInfo":{"tags":["EAV_ATTRIBUTE"],"mode":"matchingAnyTag"},"is_exception":false} []
[2016-05-26 06:14:49] main.DEBUG: cache_invalidate:  {"method":"POST","url":"http://work:8085/jc16/php/setup/index.php/install/start","invalidateInfo":{"tags":["EAV_ATTRIBUTE_35","EAV_ATTRIBUTE"],"mode":"matchingAnyTag"},"is_exception":false} []
[2016-05-26 06:14:49] main.DEBUG: cache_invalidate:  {"method":"POST","url":"http://work:8085/jc16/php/setup/index.php/install/start","invalidateInfo":{"tags":["EAV_ATTRIBUTE_35","EAV_ATTRIBUTE"],"mode":"matchingAnyTag"},"is_exception":false} []
[2016-05-26 06:14:49] main.DEBUG: cache_invalidate:  {"method":"POST","url":"http://work:8085/jc16/php/setup/index.php/install/start","invalidateInfo":{"tags":["EAV","EAV_ATTRIBUTE"],"mode":"matchingAnyTag"},"is_exception":false} []
[2016-05-26 06:14:49] main.DEBUG: cache_invalidate:  {"method":"POST","url":"http://work:8085/jc16/php/setup/index.php/install/start","invalidateInfo":{"tags":["EAV_ATTRIBUTE"],"mode":"matchingAnyTag"},"is_exception":false} []
[2016-05-26 06:14:49] main.DEBUG: cache_invalidate:  {"method":"POST","url":"http://work:8085/jc16/php/setup/index.php/install/start","invalidateInfo":{"tags":["EAV_ATTRIBUTE_32","EAV_ATTRIBUTE"],"mode":"matchingAnyTag"},"is_exception":false} []
[2016-05-26 06:14:49] main.DEBUG: cache_invalidate:  {"method":"POST","url":"http://work:8085/jc16/php/setup/index.php/install/start","invalidateInfo":{"tags":["EAV_ATTRIBUTE_32","EAV_ATTRIBUTE"],"mode":"matchingAnyTag"},"is_exception":false} []
[2016-05-26 06:14:49] main.DEBUG: cache_invalidate:  {"method":"POST","url":"http://work:8085/jc16/php/setup/index.php/install/start","invalidateInfo":{"tags":["EAV","EAV_ATTRIBUTE"],"mode":"matchingAnyTag"},"is_exception":false} []
[2016-05-26 06:14:49] main.DEBUG: cache_invalidate:  {"method":"POST","url":"http://work:8085/jc16/php/setup/index.php/install/start","invalidateInfo":{"tags":["EAV_ATTRIBUTE"],"mode":"matchingAnyTag"},"is_exception":false} []
[2016-05-26 06:14:49] main.DEBUG: cache_invalidate:  {"method":"POST","url":"http://work:8085/jc16/php/setup/index.php/install/start","invalidateInfo":{"tags":["EAV_ATTRIBUTE_23","EAV_ATTRIBUTE"],"mode":"matchingAnyTag"},"is_exception":false} []
[2016-05-26 06:14:49] main.DEBUG: cache_invalidate:  {"method":"POST","url":"http://work:8085/jc16/php/setup/index.php/install/start","invalidateInfo":{"tags":["EAV_ATTRIBUTE_23","EAV_ATTRIBUTE"],"mode":"matchingAnyTag"},"is_exception":false} []
[2016-05-26 06:14:49] main.DEBUG: cache_invalidate:  {"method":"POST","url":"http://work:8085/jc16/php/setup/index.php/install/start","invalidateInfo":{"tags":["EAV","EAV_ATTRIBUTE"],"mode":"matchingAnyTag"},"is_exception":false} []
[2016-05-26 06:14:49] main.DEBUG: cache_invalidate:  {"method":"POST","url":"http://work:8085/jc16/php/setup/index.php/install/start","invalidateInfo":{"tags":["EAV_ATTRIBUTE"],"mode":"matchingAnyTag"},"is_exception":false} []
[2016-05-26 06:14:49] main.DEBUG: cache_invalidate:  {"method":"POST","url":"http://work:8085/jc16/php/setup/index.php/install/start","invalidateInfo":{"tags":["EAV_ATTRIBUTE_25","EAV_ATTRIBUTE"],"mode":"matchingAnyTag"},"is_exception":false} []
[2016-05-26 06:14:49] main.DEBUG: cache_invalidate:  {"method":"POST","url":"http://work:8085/jc16/php/setup/index.php/install/start","invalidateInfo":{"tags":["EAV_ATTRIBUTE_25","EAV_ATTRIBUTE"],"mode":"matchingAnyTag"},"is_exception":false} []
[2016-05-26 06:14:49] main.DEBUG: cache_invalidate:  {"method":"POST","url":"http://work:8085/jc16/php/setup/index.php/install/start","invalidateInfo":{"tags":["EAV","EAV_ATTRIBUTE"],"mode":"matchingAnyTag"},"is_exception":false} []
[2016-05-26 06:14:49] main.DEBUG: cache_invalidate:  {"method":"POST","url":"http://work:8085/jc16/php/setup/index.php/install/start","invalidateInfo":{"tags":["EAV_ATTRIBUTE"],"mode":"matchingAnyTag"},"is_exception":false} []
[2016-05-26 06:14:49] main.DEBUG: cache_invalidate:  {"method":"POST","url":"http://work:8085/jc16/php/setup/index.php/install/start","invalidateInfo":{"tags":["EAV_ATTRIBUTE_35","EAV_ATTRIBUTE"],"mode":"matchingAnyTag"},"is_exception":false} []
[2016-05-26 06:14:49] main.DEBUG: cache_invalidate:  {"method":"POST","url":"http://work:8085/jc16/php/setup/index.php/install/start","invalidateInfo":{"tags":["EAV_ATTRIBUTE_35","EAV_ATTRIBUTE"],"mode":"matchingAnyTag"},"is_exception":false} []
[2016-05-26 06:14:50] main.DEBUG: cache_invalidate:  {"method":"POST","url":"http://work:8085/jc16/php/setup/index.php/install/start","invalidateInfo":{"identifier":"DB_PDO_MYSQL_DDL_customer_grid_flat_1"},"is_exception":false} []
[2016-05-26 06:14:50] main.DEBUG: cache_invalidate:  {"method":"POST","url":"http://work:8085/jc16/php/setup/index.php/install/start","invalidateInfo":{"identifier":"DB_PDO_MYSQL_DDL_customer_grid_flat_2"},"is_exception":false} []
[2016-05-26 06:14:50] main.DEBUG: cache_invalidate:  {"method":"POST","url":"http://work:8085/jc16/php/setup/index.php/install/start","invalidateInfo":{"identifier":"DB_PDO_MYSQL_DDL_customer_grid_flat_3"},"is_exception":false} []
[2016-05-26 06:14:50] main.DEBUG: cache_invalidate:  {"method":"POST","url":"http://work:8085/jc16/php/setup/index.php/install/start","invalidateInfo":{"identifier":"DB_PDO_MYSQL_DDL_customer_grid_flat_4"},"is_exception":false} []
[2016-05-26 06:14:50] main.DEBUG: cache_invalidate:  {"method":"POST","url":"http://work:8085/jc16/php/setup/index.php/install/start","invalidateInfo":{"tags":["EAV","EAV_ATTRIBUTE"],"mode":"matchingAnyTag"},"is_exception":false} []
[2016-05-26 06:14:50] main.DEBUG: cache_invalidate:  {"method":"POST","url":"http://work:8085/jc16/php/setup/index.php/install/start","invalidateInfo":{"tags":["cms_page"],"mode":"matchingAnyTag"},"is_exception":false} []
[2016-05-26 06:14:50] main.DEBUG: cache_invalidate:  {"method":"POST","url":"http://work:8085/jc16/php/setup/index.php/install/start","invalidateInfo":{"tags":["cms_page_1","cms_page"],"mode":"matchingAnyTag"},"is_exception":false} []
[2016-05-26 06:14:50] main.DEBUG: cache_invalidate:  {"method":"POST","url":"http://work:8085/jc16/php/setup/index.php/install/start","invalidateInfo":{"tags":["cms_page_1","cms_page"],"mode":"matchingAnyTag"},"is_exception":false} []
[2016-05-26 06:14:50] main.DEBUG: cache_invalidate:  {"method":"POST","url":"http://work:8085/jc16/php/setup/index.php/install/start","invalidateInfo":{"tags":["cms_page"],"mode":"matchingAnyTag"},"is_exception":false} []
[2016-05-26 06:14:50] main.DEBUG: cache_invalidate:  {"method":"POST","url":"http://work:8085/jc16/php/setup/index.php/install/start","invalidateInfo":{"tags":["cms_page_2","cms_page"],"mode":"matchingAnyTag"},"is_exception":false} []
[2016-05-26 06:14:50] main.DEBUG: cache_invalidate:  {"method":"POST","url":"http://work:8085/jc16/php/setup/index.php/install/start","invalidateInfo":{"tags":["cms_page_2","cms_page"],"mode":"matchingAnyTag"},"is_exception":false} []
[2016-05-26 06:14:50] main.DEBUG: cache_invalidate:  {"method":"POST","url":"http://work:8085/jc16/php/setup/index.php/install/start","invalidateInfo":{"tags":["cms_page"],"mode":"matchingAnyTag"},"is_exception":false} []
[2016-05-26 06:14:50] main.DEBUG: cache_invalidate:  {"method":"POST","url":"http://work:8085/jc16/php/setup/index.php/install/start","invalidateInfo":{"tags":["cms_page_3","cms_page"],"mode":"matchingAnyTag"},"is_exception":false} []
[2016-05-26 06:14:50] main.DEBUG: cache_invalidate:  {"method":"POST","url":"http://work:8085/jc16/php/setup/index.php/install/start","invalidateInfo":{"tags":["cms_page_3","cms_page"],"mode":"matchingAnyTag"},"is_exception":false} []
[2016-05-26 06:14:50] main.DEBUG: cache_invalidate:  {"method":"POST","url":"http://work:8085/jc16/php/setup/index.php/install/start","invalidateInfo":{"tags":["cms_page"],"mode":"matchingAnyTag"},"is_exception":false} []
[2016-05-26 06:14:50] main.DEBUG: cache_invalidate:  {"method":"POST","url":"http://work:8085/jc16/php/setup/index.php/install/start","invalidateInfo":{"tags":["cms_page_4","cms_page"],"mode":"matchingAnyTag"},"is_exception":false} []
[2016-05-26 06:14:50] main.DEBUG: cache_invalidate:  {"method":"POST","url":"http://work:8085/jc16/php/setup/index.php/install/start","invalidateInfo":{"tags":["cms_page_4","cms_page"],"mode":"matchingAnyTag"},"is_exception":false} []
[2016-05-26 06:14:50] main.DEBUG: cache_invalidate:  {"method":"POST","url":"http://work:8085/jc16/php/setup/index.php/install/start","invalidateInfo":{"tags":["EAV"],"mode":"matchingAnyTag"},"is_exception":false} []
[2016-05-26 06:14:51] main.DEBUG: cache_invalidate:  {"method":"POST","url":"http://work:8085/jc16/php/setup/index.php/install/start","invalidateInfo":{"tags":["catalog_category"],"mode":"matchingAnyTag"},"is_exception":false} []
[2016-05-26 06:14:51] main.DEBUG: cache_invalidate:  {"method":"POST","url":"http://work:8085/jc16/php/setup/index.php/install/start","invalidateInfo":{"tags":["catalog_category_1","catalog_category_product_1","catalog_category","catalog_category_product"],"mode":"matchingAnyTag"},"is_exception":false} []
[2016-05-26 06:14:51] main.DEBUG: cache_invalidate:  {"method":"POST","url":"http://work:8085/jc16/php/setup/index.php/install/start","invalidateInfo":{"tags":["catalog_category_1","catalog_category_product_1","catalog_category","catalog_category_product"],"mode":"matchingAnyTag"},"is_exception":false} []
[2016-05-26 06:14:52] main.DEBUG: cache_invalidate:  {"method":"POST","url":"http://work:8085/jc16/php/setup/index.php/install/start","invalidateInfo":{"tags":["catalog_category"],"mode":"matchingAnyTag"},"is_exception":false} []
[2016-05-26 06:14:52] main.DEBUG: cache_invalidate:  {"method":"POST","url":"http://work:8085/jc16/php/setup/index.php/install/start","invalidateInfo":{"tags":["catalog_category_2","catalog_category_product_2","catalog_category","catalog_category_product"],"mode":"matchingAnyTag"},"is_exception":false} []
[2016-05-26 06:14:52] main.DEBUG: cache_invalidate:  {"method":"POST","url":"http://work:8085/jc16/php/setup/index.php/install/start","invalidateInfo":{"tags":["catalog_category_2","catalog_category_product_2","catalog_category","catalog_category_product"],"mode":"matchingAnyTag"},"is_exception":false} []
[2016-05-26 06:14:52] main.DEBUG: cache_invalidate:  {"method":"POST","url":"http://work:8085/jc16/php/setup/index.php/install/start","invalidateInfo":{"identifier":"DB_PDO_MYSQL_DDL_quote_address_1"},"is_exception":false} []
[2016-05-26 06:14:52] main.DEBUG: cache_invalidate:  {"method":"POST","url":"http://work:8085/jc16/php/setup/index.php/install/start","invalidateInfo":{"identifier":"DB_PDO_MYSQL_DDL_quote_address_2"},"is_exception":false} []
[2016-05-26 06:14:52] main.DEBUG: cache_invalidate:  {"method":"POST","url":"http://work:8085/jc16/php/setup/index.php/install/start","invalidateInfo":{"identifier":"DB_PDO_MYSQL_DDL_quote_address_3"},"is_exception":false} []
[2016-05-26 06:14:52] main.DEBUG: cache_invalidate:  {"method":"POST","url":"http://work:8085/jc16/php/setup/index.php/install/start","invalidateInfo":{"identifier":"DB_PDO_MYSQL_DDL_quote_address_4"},"is_exception":false} []
[2016-05-26 06:14:52] main.DEBUG: cache_invalidate:  {"method":"POST","url":"http://work:8085/jc16/php/setup/index.php/install/start","invalidateInfo":{"identifier":"DB_PDO_MYSQL_DDL_quote_address_1"},"is_exception":false} []
[2016-05-26 06:14:52] main.DEBUG: cache_invalidate:  {"method":"POST","url":"http://work:8085/jc16/php/setup/index.php/install/start","invalidateInfo":{"identifier":"DB_PDO_MYSQL_DDL_quote_address_2"},"is_exception":false} []
[2016-05-26 06:14:52] main.DEBUG: cache_invalidate:  {"method":"POST","url":"http://work:8085/jc16/php/setup/index.php/install/start","invalidateInfo":{"identifier":"DB_PDO_MYSQL_DDL_quote_address_3"},"is_exception":false} []
[2016-05-26 06:14:52] main.DEBUG: cache_invalidate:  {"method":"POST","url":"http://work:8085/jc16/php/setup/index.php/install/start","invalidateInfo":{"identifier":"DB_PDO_MYSQL_DDL_quote_address_4"},"is_exception":false} []
[2016-05-26 06:14:52] main.DEBUG: cache_invalidate:  {"method":"POST","url":"http://work:8085/jc16/php/setup/index.php/install/start","invalidateInfo":{"identifier":"DB_PDO_MYSQL_DDL_quote_address_1"},"is_exception":false} []
[2016-05-26 06:14:52] main.DEBUG: cache_invalidate:  {"method":"POST","url":"http://work:8085/jc16/php/setup/index.php/install/start","invalidateInfo":{"identifier":"DB_PDO_MYSQL_DDL_quote_address_2"},"is_exception":false} []
[2016-05-26 06:14:52] main.DEBUG: cache_invalidate:  {"method":"POST","url":"http://work:8085/jc16/php/setup/index.php/install/start","invalidateInfo":{"identifier":"DB_PDO_MYSQL_DDL_quote_address_3"},"is_exception":false} []
[2016-05-26 06:14:52] main.DEBUG: cache_invalidate:  {"method":"POST","url":"http://work:8085/jc16/php/setup/index.php/install/start","invalidateInfo":{"identifier":"DB_PDO_MYSQL_DDL_quote_address_4"},"is_exception":false} []
[2016-05-26 06:14:52] main.DEBUG: cache_invalidate:  {"method":"POST","url":"http://work:8085/jc16/php/setup/index.php/install/start","invalidateInfo":{"identifier":"DB_PDO_MYSQL_DDL_quote_address_1"},"is_exception":false} []
[2016-05-26 06:14:52] main.DEBUG: cache_invalidate:  {"method":"POST","url":"http://work:8085/jc16/php/setup/index.php/install/start","invalidateInfo":{"identifier":"DB_PDO_MYSQL_DDL_quote_address_2"},"is_exception":false} []
[2016-05-26 06:14:52] main.DEBUG: cache_invalidate:  {"method":"POST","url":"http://work:8085/jc16/php/setup/index.php/install/start","invalidateInfo":{"identifier":"DB_PDO_MYSQL_DDL_quote_address_3"},"is_exception":false} []
[2016-05-26 06:14:52] main.DEBUG: cache_invalidate:  {"method":"POST","url":"http://work:8085/jc16/php/setup/index.php/install/start","invalidateInfo":{"identifier":"DB_PDO_MYSQL_DDL_quote_address_4"},"is_exception":false} []
[2016-05-26 06:14:52] main.DEBUG: cache_invalidate:  {"method":"POST","url":"http://work:8085/jc16/php/setup/index.php/install/start","invalidateInfo":{"identifier":"DB_PDO_MYSQL_DDL_quote_address_1"},"is_exception":false} []
[2016-05-26 06:14:52] main.DEBUG: cache_invalidate:  {"method":"POST","url":"http://work:8085/jc16/php/setup/index.php/install/start","invalidateInfo":{"identifier":"DB_PDO_MYSQL_DDL_quote_address_2"},"is_exception":false} []
[2016-05-26 06:14:52] main.DEBUG: cache_invalidate:  {"method":"POST","url":"http://work:8085/jc16/php/setup/index.php/install/start","invalidateInfo":{"identifier":"DB_PDO_MYSQL_DDL_quote_address_3"},"is_exception":false} []
[2016-05-26 06:14:52] main.DEBUG: cache_invalidate:  {"method":"POST","url":"http://work:8085/jc16/php/setup/index.php/install/start","invalidateInfo":{"identifier":"DB_PDO_MYSQL_DDL_quote_address_4"},"is_exception":false} []
[2016-05-26 06:14:52] main.DEBUG: cache_invalidate:  {"method":"POST","url":"http://work:8085/jc16/php/setup/index.php/install/start","invalidateInfo":{"tags":["BACKEND_MAINMENU"],"mode":"matchingTag"},"is_exception":false} []
[2016-05-26 06:14:52] main.DEBUG: cache_invalidate:  {"method":"POST","url":"http://work:8085/jc16/php/setup/index.php/install/start","invalidateInfo":{"tags":["EAV"],"mode":"matchingAnyTag"},"is_exception":false} []
[2016-05-26 06:14:53] main.DEBUG: cache_invalidate:  {"method":"POST","url":"http://work:8085/jc16/php/setup/index.php/install/start","invalidateInfo":{"identifier":"DB_PDO_MYSQL_DDL_sales_order_address_1"},"is_exception":false} []
[2016-05-26 06:14:53] main.DEBUG: cache_invalidate:  {"method":"POST","url":"http://work:8085/jc16/php/setup/index.php/install/start","invalidateInfo":{"identifier":"DB_PDO_MYSQL_DDL_sales_order_address_2"},"is_exception":false} []
[2016-05-26 06:14:53] main.DEBUG: cache_invalidate:  {"method":"POST","url":"http://work:8085/jc16/php/setup/index.php/install/start","invalidateInfo":{"identifier":"DB_PDO_MYSQL_DDL_sales_order_address_3"},"is_exception":false} []
[2016-05-26 06:14:53] main.DEBUG: cache_invalidate:  {"method":"POST","url":"http://work:8085/jc16/php/setup/index.php/install/start","invalidateInfo":{"identifier":"DB_PDO_MYSQL_DDL_sales_order_address_4"},"is_exception":false} []
[2016-05-26 06:14:53] main.DEBUG: cache_invalidate:  {"method":"POST","url":"http://work:8085/jc16/php/setup/index.php/install/start","invalidateInfo":{"identifier":"DB_PDO_MYSQL_DDL_sales_order_address_1"},"is_exception":false} []
[2016-05-26 06:14:53] main.DEBUG: cache_invalidate:  {"method":"POST","url":"http://work:8085/jc16/php/setup/index.php/install/start","invalidateInfo":{"identifier":"DB_PDO_MYSQL_DDL_sales_order_address_2"},"is_exception":false} []
[2016-05-26 06:14:53] main.DEBUG: cache_invalidate:  {"method":"POST","url":"http://work:8085/jc16/php/setup/index.php/install/start","invalidateInfo":{"identifier":"DB_PDO_MYSQL_DDL_sales_order_address_3"},"is_exception":false} []
[2016-05-26 06:14:53] main.DEBUG: cache_invalidate:  {"method":"POST","url":"http://work:8085/jc16/php/setup/index.php/install/start","invalidateInfo":{"identifier":"DB_PDO_MYSQL_DDL_sales_order_address_4"},"is_exception":false} []
[2016-05-26 06:14:53] main.DEBUG: cache_invalidate:  {"method":"POST","url":"http://work:8085/jc16/php/setup/index.php/install/start","invalidateInfo":{"identifier":"DB_PDO_MYSQL_DDL_sales_order_address_1"},"is_exception":false} []
[2016-05-26 06:14:53] main.DEBUG: cache_invalidate:  {"method":"POST","url":"http://work:8085/jc16/php/setup/index.php/install/start","invalidateInfo":{"identifier":"DB_PDO_MYSQL_DDL_sales_order_address_2"},"is_exception":false} []
[2016-05-26 06:14:53] main.DEBUG: cache_invalidate:  {"method":"POST","url":"http://work:8085/jc16/php/setup/index.php/install/start","invalidateInfo":{"identifier":"DB_PDO_MYSQL_DDL_sales_order_address_3"},"is_exception":false} []
[2016-05-26 06:14:53] main.DEBUG: cache_invalidate:  {"method":"POST","url":"http://work:8085/jc16/php/setup/index.php/install/start","invalidateInfo":{"identifier":"DB_PDO_MYSQL_DDL_sales_order_address_4"},"is_exception":false} []
[2016-05-26 06:14:53] main.DEBUG: cache_invalidate:  {"method":"POST","url":"http://work:8085/jc16/php/setup/index.php/install/start","invalidateInfo":{"identifier":"DB_PDO_MYSQL_DDL_sales_order_address_1"},"is_exception":false} []
[2016-05-26 06:14:53] main.DEBUG: cache_invalidate:  {"method":"POST","url":"http://work:8085/jc16/php/setup/index.php/install/start","invalidateInfo":{"identifier":"DB_PDO_MYSQL_DDL_sales_order_address_2"},"is_exception":false} []
[2016-05-26 06:14:53] main.DEBUG: cache_invalidate:  {"method":"POST","url":"http://work:8085/jc16/php/setup/index.php/install/start","invalidateInfo":{"identifier":"DB_PDO_MYSQL_DDL_sales_order_address_3"},"is_exception":false} []
[2016-05-26 06:14:53] main.DEBUG: cache_invalidate:  {"method":"POST","url":"http://work:8085/jc16/php/setup/index.php/install/start","invalidateInfo":{"identifier":"DB_PDO_MYSQL_DDL_sales_order_address_4"},"is_exception":false} []
[2016-05-26 06:14:53] main.DEBUG: cache_invalidate:  {"method":"POST","url":"http://work:8085/jc16/php/setup/index.php/install/start","invalidateInfo":{"identifier":"DB_PDO_MYSQL_DDL_sales_order_address_1"},"is_exception":false} []
[2016-05-26 06:14:53] main.DEBUG: cache_invalidate:  {"method":"POST","url":"http://work:8085/jc16/php/setup/index.php/install/start","invalidateInfo":{"identifier":"DB_PDO_MYSQL_DDL_sales_order_address_2"},"is_exception":false} []
[2016-05-26 06:14:53] main.DEBUG: cache_invalidate:  {"method":"POST","url":"http://work:8085/jc16/php/setup/index.php/install/start","invalidateInfo":{"identifier":"DB_PDO_MYSQL_DDL_sales_order_address_3"},"is_exception":false} []
[2016-05-26 06:14:53] main.DEBUG: cache_invalidate:  {"method":"POST","url":"http://work:8085/jc16/php/setup/index.php/install/start","invalidateInfo":{"identifier":"DB_PDO_MYSQL_DDL_sales_order_address_4"},"is_exception":false} []
[2016-05-26 06:14:53] main.DEBUG: cache_invalidate:  {"method":"POST","url":"http://work:8085/jc16/php/setup/index.php/install/start","invalidateInfo":{"tags":["EAV","EAV_ATTRIBUTE"],"mode":"matchingAnyTag"},"is_exception":false} []
[2016-05-26 06:14:53] main.DEBUG: cache_invalidate:  {"method":"POST","url":"http://work:8085/jc16/php/setup/index.php/install/start","invalidateInfo":{"identifier":"DB_PDO_MYSQL_DDL_quote_payment_1"},"is_exception":false} []
[2016-05-26 06:14:53] main.DEBUG: cache_invalidate:  {"method":"POST","url":"http://work:8085/jc16/php/setup/index.php/install/start","invalidateInfo":{"identifier":"DB_PDO_MYSQL_DDL_quote_payment_2"},"is_exception":false} []
[2016-05-26 06:14:53] main.DEBUG: cache_invalidate:  {"method":"POST","url":"http://work:8085/jc16/php/setup/index.php/install/start","invalidateInfo":{"identifier":"DB_PDO_MYSQL_DDL_quote_payment_3"},"is_exception":false} []
[2016-05-26 06:14:53] main.DEBUG: cache_invalidate:  {"method":"POST","url":"http://work:8085/jc16/php/setup/index.php/install/start","invalidateInfo":{"identifier":"DB_PDO_MYSQL_DDL_quote_payment_4"},"is_exception":false} []
[2016-05-26 06:14:53] main.DEBUG: cache_invalidate:  {"method":"POST","url":"http://work:8085/jc16/php/setup/index.php/install/start","invalidateInfo":{"identifier":"DB_PDO_MYSQL_DDL_quote_payment_1"},"is_exception":false} []
[2016-05-26 06:14:53] main.DEBUG: cache_invalidate:  {"method":"POST","url":"http://work:8085/jc16/php/setup/index.php/install/start","invalidateInfo":{"identifier":"DB_PDO_MYSQL_DDL_quote_payment_2"},"is_exception":false} []
[2016-05-26 06:14:53] main.DEBUG: cache_invalidate:  {"method":"POST","url":"http://work:8085/jc16/php/setup/index.php/install/start","invalidateInfo":{"identifier":"DB_PDO_MYSQL_DDL_quote_payment_3"},"is_exception":false} []
[2016-05-26 06:14:53] main.DEBUG: cache_invalidate:  {"method":"POST","url":"http://work:8085/jc16/php/setup/index.php/install/start","invalidateInfo":{"identifier":"DB_PDO_MYSQL_DDL_quote_payment_4"},"is_exception":false} []
[2016-05-26 06:14:53] main.DEBUG: cache_invalidate:  {"method":"POST","url":"http://work:8085/jc16/php/setup/index.php/install/start","invalidateInfo":{"identifier":"DB_PDO_MYSQL_DDL_quote_payment_1"},"is_exception":false} []
[2016-05-26 06:14:53] main.DEBUG: cache_invalidate:  {"method":"POST","url":"http://work:8085/jc16/php/setup/index.php/install/start","invalidateInfo":{"identifier":"DB_PDO_MYSQL_DDL_quote_payment_2"},"is_exception":false} []
[2016-05-26 06:14:53] main.DEBUG: cache_invalidate:  {"method":"POST","url":"http://work:8085/jc16/php/setup/index.php/install/start","invalidateInfo":{"identifier":"DB_PDO_MYSQL_DDL_quote_payment_3"},"is_exception":false} []
[2016-05-26 06:14:53] main.DEBUG: cache_invalidate:  {"method":"POST","url":"http://work:8085/jc16/php/setup/index.php/install/start","invalidateInfo":{"identifier":"DB_PDO_MYSQL_DDL_quote_payment_4"},"is_exception":false} []
[2016-05-26 06:14:53] main.DEBUG: cache_invalidate:  {"method":"POST","url":"http://work:8085/jc16/php/setup/index.php/install/start","invalidateInfo":{"identifier":"DB_PDO_MYSQL_DDL_sales_order_1"},"is_exception":false} []
[2016-05-26 06:14:53] main.DEBUG: cache_invalidate:  {"method":"POST","url":"http://work:8085/jc16/php/setup/index.php/install/start","invalidateInfo":{"identifier":"DB_PDO_MYSQL_DDL_sales_order_2"},"is_exception":false} []
[2016-05-26 06:14:53] main.DEBUG: cache_invalidate:  {"method":"POST","url":"http://work:8085/jc16/php/setup/index.php/install/start","invalidateInfo":{"identifier":"DB_PDO_MYSQL_DDL_sales_order_3"},"is_exception":false} []
[2016-05-26 06:14:53] main.DEBUG: cache_invalidate:  {"method":"POST","url":"http://work:8085/jc16/php/setup/index.php/install/start","invalidateInfo":{"identifier":"DB_PDO_MYSQL_DDL_sales_order_4"},"is_exception":false} []
[2016-05-26 06:14:53] main.DEBUG: cache_invalidate:  {"method":"POST","url":"http://work:8085/jc16/php/setup/index.php/install/start","invalidateInfo":{"tags":["cms_page"],"mode":"matchingAnyTag"},"is_exception":false} []
[2016-05-26 06:14:53] main.DEBUG: cache_invalidate:  {"method":"POST","url":"http://work:8085/jc16/php/setup/index.php/install/start","invalidateInfo":{"tags":["cms_page_2","cms_page"],"mode":"matchingAnyTag"},"is_exception":false} []
[2016-05-26 06:14:53] main.DEBUG: cache_invalidate:  {"method":"POST","url":"http://work:8085/jc16/php/setup/index.php/install/start","invalidateInfo":{"tags":["cms_page_2","cms_page"],"mode":"matchingAnyTag"},"is_exception":false} []
[2016-05-26 06:14:54] main.DEBUG: cache_invalidate:  {"method":"POST","url":"http://work:8085/jc16/php/setup/index.php/install/start","invalidateInfo":{"tags":["EAV","EAV_ATTRIBUTE"],"mode":"matchingAnyTag"},"is_exception":false} []
[2016-05-26 06:14:54] main.DEBUG: cache_invalidate:  {"method":"POST","url":"http://work:8085/jc16/php/setup/index.php/install/start","invalidateInfo":{"tags":["EAV_ATTRIBUTE"],"mode":"matchingAnyTag"},"is_exception":false} []
[2016-05-26 06:14:54] main.DEBUG: cache_invalidate:  {"method":"POST","url":"http://work:8085/jc16/php/setup/index.php/install/start","invalidateInfo":{"tags":["EAV_ATTRIBUTE_71","EAV_ATTRIBUTE"],"mode":"matchingAnyTag"},"is_exception":false} []
[2016-05-26 06:14:54] main.DEBUG: cache_invalidate:  {"method":"POST","url":"http://work:8085/jc16/php/setup/index.php/install/start","invalidateInfo":{"tags":["EAV_ATTRIBUTE_71","EAV_ATTRIBUTE"],"mode":"matchingAnyTag"},"is_exception":false} []
[2016-05-26 06:14:54] main.DEBUG: cache_invalidate:  {"method":"POST","url":"http://work:8085/jc16/php/setup/index.php/install/start","invalidateInfo":{"tags":["EAV","EAV_ATTRIBUTE"],"mode":"matchingAnyTag"},"is_exception":false} []
[2016-05-26 06:14:54] main.DEBUG: cache_invalidate:  {"method":"POST","url":"http://work:8085/jc16/php/setup/index.php/install/start","invalidateInfo":{"tags":["EAV_ATTRIBUTE"],"mode":"matchingAnyTag"},"is_exception":false} []
[2016-05-26 06:14:54] main.DEBUG: cache_invalidate:  {"method":"POST","url":"http://work:8085/jc16/php/setup/index.php/install/start","invalidateInfo":{"tags":["EAV_ATTRIBUTE_70","EAV_ATTRIBUTE"],"mode":"matchingAnyTag"},"is_exception":false} []
[2016-05-26 06:14:54] main.DEBUG: cache_invalidate:  {"method":"POST","url":"http://work:8085/jc16/php/setup/index.php/install/start","invalidateInfo":{"tags":["EAV_ATTRIBUTE_70","EAV_ATTRIBUTE"],"mode":"matchingAnyTag"},"is_exception":false} []
[2016-05-26 06:14:54] main.DEBUG: cache_invalidate:  {"method":"POST","url":"http://work:8085/jc16/php/setup/index.php/install/start","invalidateInfo":{"identifier":"DB_PDO_MYSQL_DDL_catalogsearch_fulltext_scope1_1"},"is_exception":false} []
[2016-05-26 06:14:54] main.DEBUG: cache_invalidate:  {"method":"POST","url":"http://work:8085/jc16/php/setup/index.php/install/start","invalidateInfo":{"identifier":"DB_PDO_MYSQL_DDL_catalogsearch_fulltext_scope1_2"},"is_exception":false} []
[2016-05-26 06:14:54] main.DEBUG: cache_invalidate:  {"method":"POST","url":"http://work:8085/jc16/php/setup/index.php/install/start","invalidateInfo":{"identifier":"DB_PDO_MYSQL_DDL_catalogsearch_fulltext_scope1_3"},"is_exception":false} []
[2016-05-26 06:14:54] main.DEBUG: cache_invalidate:  {"method":"POST","url":"http://work:8085/jc16/php/setup/index.php/install/start","invalidateInfo":{"identifier":"DB_PDO_MYSQL_DDL_catalogsearch_fulltext_scope1_4"},"is_exception":false} []
[2016-05-26 06:14:54] main.DEBUG: cache_invalidate:  {"method":"POST","url":"http://work:8085/jc16/php/setup/index.php/install/start","invalidateInfo":{"identifier":"request_declaration"},"is_exception":false} []
[2016-05-26 06:14:54] main.DEBUG: cache_invalidate:  {"method":"POST","url":"http://work:8085/jc16/php/setup/index.php/install/start","invalidateInfo":{"identifier":"DB_PDO_MYSQL_DDL_quote_1"},"is_exception":false} []
[2016-05-26 06:14:54] main.DEBUG: cache_invalidate:  {"method":"POST","url":"http://work:8085/jc16/php/setup/index.php/install/start","invalidateInfo":{"identifier":"DB_PDO_MYSQL_DDL_quote_2"},"is_exception":false} []
[2016-05-26 06:14:54] main.DEBUG: cache_invalidate:  {"method":"POST","url":"http://work:8085/jc16/php/setup/index.php/install/start","invalidateInfo":{"identifier":"DB_PDO_MYSQL_DDL_quote_3"},"is_exception":false} []
[2016-05-26 06:14:54] main.DEBUG: cache_invalidate:  {"method":"POST","url":"http://work:8085/jc16/php/setup/index.php/install/start","invalidateInfo":{"identifier":"DB_PDO_MYSQL_DDL_quote_4"},"is_exception":false} []
[2016-05-26 06:14:54] main.DEBUG: cache_invalidate:  {"method":"POST","url":"http://work:8085/jc16/php/setup/index.php/install/start","invalidateInfo":{"identifier":"DB_PDO_MYSQL_DDL_quote_address_1"},"is_exception":false} []
[2016-05-26 06:14:54] main.DEBUG: cache_invalidate:  {"method":"POST","url":"http://work:8085/jc16/php/setup/index.php/install/start","invalidateInfo":{"identifier":"DB_PDO_MYSQL_DDL_quote_address_2"},"is_exception":false} []
[2016-05-26 06:14:54] main.DEBUG: cache_invalidate:  {"method":"POST","url":"http://work:8085/jc16/php/setup/index.php/install/start","invalidateInfo":{"identifier":"DB_PDO_MYSQL_DDL_quote_address_3"},"is_exception":false} []
[2016-05-26 06:14:54] main.DEBUG: cache_invalidate:  {"method":"POST","url":"http://work:8085/jc16/php/setup/index.php/install/start","invalidateInfo":{"identifier":"DB_PDO_MYSQL_DDL_quote_address_4"},"is_exception":false} []
[2016-05-26 06:14:54] main.DEBUG: cache_invalidate:  {"method":"POST","url":"http://work:8085/jc16/php/setup/index.php/install/start","invalidateInfo":{"identifier":"DB_PDO_MYSQL_DDL_quote_item_1"},"is_exception":false} []
[2016-05-26 06:14:54] main.DEBUG: cache_invalidate:  {"method":"POST","url":"http://work:8085/jc16/php/setup/index.php/install/start","invalidateInfo":{"identifier":"DB_PDO_MYSQL_DDL_quote_item_2"},"is_exception":false} []
[2016-05-26 06:14:54] main.DEBUG: cache_invalidate:  {"method":"POST","url":"http://work:8085/jc16/php/setup/index.php/install/start","invalidateInfo":{"identifier":"DB_PDO_MYSQL_DDL_quote_item_3"},"is_exception":false} []
[2016-05-26 06:14:54] main.DEBUG: cache_invalidate:  {"method":"POST","url":"http://work:8085/jc16/php/setup/index.php/install/start","invalidateInfo":{"identifier":"DB_PDO_MYSQL_DDL_quote_item_4"},"is_exception":false} []
[2016-05-26 06:14:54] main.DEBUG: cache_invalidate:  {"method":"POST","url":"http://work:8085/jc16/php/setup/index.php/install/start","invalidateInfo":{"identifier":"DB_PDO_MYSQL_DDL_quote_address_item_1"},"is_exception":false} []
[2016-05-26 06:14:54] main.DEBUG: cache_invalidate:  {"method":"POST","url":"http://work:8085/jc16/php/setup/index.php/install/start","invalidateInfo":{"identifier":"DB_PDO_MYSQL_DDL_quote_address_item_2"},"is_exception":false} []
[2016-05-26 06:14:54] main.DEBUG: cache_invalidate:  {"method":"POST","url":"http://work:8085/jc16/php/setup/index.php/install/start","invalidateInfo":{"identifier":"DB_PDO_MYSQL_DDL_quote_address_item_3"},"is_exception":false} []
[2016-05-26 06:14:54] main.DEBUG: cache_invalidate:  {"method":"POST","url":"http://work:8085/jc16/php/setup/index.php/install/start","invalidateInfo":{"identifier":"DB_PDO_MYSQL_DDL_quote_address_item_4"},"is_exception":false} []
[2016-05-26 06:14:54] main.DEBUG: cache_invalidate:  {"method":"POST","url":"http://work:8085/jc16/php/setup/index.php/install/start","invalidateInfo":{"identifier":"DB_PDO_MYSQL_DDL_sales_order_1"},"is_exception":false} []
[2016-05-26 06:14:54] main.DEBUG: cache_invalidate:  {"method":"POST","url":"http://work:8085/jc16/php/setup/index.php/install/start","invalidateInfo":{"identifier":"DB_PDO_MYSQL_DDL_sales_order_2"},"is_exception":false} []
[2016-05-26 06:14:54] main.DEBUG: cache_invalidate:  {"method":"POST","url":"http://work:8085/jc16/php/setup/index.php/install/start","invalidateInfo":{"identifier":"DB_PDO_MYSQL_DDL_sales_order_3"},"is_exception":false} []
[2016-05-26 06:14:54] main.DEBUG: cache_invalidate:  {"method":"POST","url":"http://work:8085/jc16/php/setup/index.php/install/start","invalidateInfo":{"identifier":"DB_PDO_MYSQL_DDL_sales_order_4"},"is_exception":false} []
[2016-05-26 06:14:54] main.DEBUG: cache_invalidate:  {"method":"POST","url":"http://work:8085/jc16/php/setup/index.php/install/start","invalidateInfo":{"identifier":"DB_PDO_MYSQL_DDL_sales_order_item_1"},"is_exception":false} []
[2016-05-26 06:14:54] main.DEBUG: cache_invalidate:  {"method":"POST","url":"http://work:8085/jc16/php/setup/index.php/install/start","invalidateInfo":{"identifier":"DB_PDO_MYSQL_DDL_sales_order_item_2"},"is_exception":false} []
[2016-05-26 06:14:54] main.DEBUG: cache_invalidate:  {"method":"POST","url":"http://work:8085/jc16/php/setup/index.php/install/start","invalidateInfo":{"identifier":"DB_PDO_MYSQL_DDL_sales_order_item_3"},"is_exception":false} []
[2016-05-26 06:14:54] main.DEBUG: cache_invalidate:  {"method":"POST","url":"http://work:8085/jc16/php/setup/index.php/install/start","invalidateInfo":{"identifier":"DB_PDO_MYSQL_DDL_sales_order_item_4"},"is_exception":false} []
[2016-05-26 06:14:55] main.DEBUG: cache_invalidate:  {"method":"POST","url":"http://work:8085/jc16/php/setup/index.php/install/start","invalidateInfo":{"identifier":"DB_PDO_MYSQL_DDL_sales_order_item_1"},"is_exception":false} []
[2016-05-26 06:14:55] main.DEBUG: cache_invalidate:  {"method":"POST","url":"http://work:8085/jc16/php/setup/index.php/install/start","invalidateInfo":{"identifier":"DB_PDO_MYSQL_DDL_sales_order_item_2"},"is_exception":false} []
[2016-05-26 06:14:55] main.DEBUG: cache_invalidate:  {"method":"POST","url":"http://work:8085/jc16/php/setup/index.php/install/start","invalidateInfo":{"identifier":"DB_PDO_MYSQL_DDL_sales_order_item_3"},"is_exception":false} []
[2016-05-26 06:14:55] main.DEBUG: cache_invalidate:  {"method":"POST","url":"http://work:8085/jc16/php/setup/index.php/install/start","invalidateInfo":{"identifier":"DB_PDO_MYSQL_DDL_sales_order_item_4"},"is_exception":false} []
[2016-05-26 06:14:55] main.DEBUG: cache_invalidate:  {"method":"POST","url":"http://work:8085/jc16/php/setup/index.php/install/start","invalidateInfo":{"identifier":"DB_PDO_MYSQL_DDL_quote_item_1"},"is_exception":false} []
[2016-05-26 06:14:55] main.DEBUG: cache_invalidate:  {"method":"POST","url":"http://work:8085/jc16/php/setup/index.php/install/start","invalidateInfo":{"identifier":"DB_PDO_MYSQL_DDL_quote_item_2"},"is_exception":false} []
[2016-05-26 06:14:55] main.DEBUG: cache_invalidate:  {"method":"POST","url":"http://work:8085/jc16/php/setup/index.php/install/start","invalidateInfo":{"identifier":"DB_PDO_MYSQL_DDL_quote_item_3"},"is_exception":false} []
[2016-05-26 06:14:55] main.DEBUG: cache_invalidate:  {"method":"POST","url":"http://work:8085/jc16/php/setup/index.php/install/start","invalidateInfo":{"identifier":"DB_PDO_MYSQL_DDL_quote_item_4"},"is_exception":false} []
[2016-05-26 06:14:55] main.DEBUG: cache_invalidate:  {"method":"POST","url":"http://work:8085/jc16/php/setup/index.php/install/start","invalidateInfo":{"identifier":"DB_PDO_MYSQL_DDL_quote_item_1"},"is_exception":false} []
[2016-05-26 06:14:55] main.DEBUG: cache_invalidate:  {"method":"POST","url":"http://work:8085/jc16/php/setup/index.php/install/start","invalidateInfo":{"identifier":"DB_PDO_MYSQL_DDL_quote_item_2"},"is_exception":false} []
[2016-05-26 06:14:55] main.DEBUG: cache_invalidate:  {"method":"POST","url":"http://work:8085/jc16/php/setup/index.php/install/start","invalidateInfo":{"identifier":"DB_PDO_MYSQL_DDL_quote_item_3"},"is_exception":false} []
[2016-05-26 06:14:55] main.DEBUG: cache_invalidate:  {"method":"POST","url":"http://work:8085/jc16/php/setup/index.php/install/start","invalidateInfo":{"identifier":"DB_PDO_MYSQL_DDL_quote_item_4"},"is_exception":false} []
[2016-05-26 06:14:55] main.DEBUG: cache_invalidate:  {"method":"POST","url":"http://work:8085/jc16/php/setup/index.php/install/start","invalidateInfo":{"identifier":"DB_PDO_MYSQL_DDL_quote_item_1"},"is_exception":false} []
[2016-05-26 06:14:55] main.DEBUG: cache_invalidate:  {"method":"POST","url":"http://work:8085/jc16/php/setup/index.php/install/start","invalidateInfo":{"identifier":"DB_PDO_MYSQL_DDL_quote_item_2"},"is_exception":false} []
[2016-05-26 06:14:55] main.DEBUG: cache_invalidate:  {"method":"POST","url":"http://work:8085/jc16/php/setup/index.php/install/start","invalidateInfo":{"identifier":"DB_PDO_MYSQL_DDL_quote_item_3"},"is_exception":false} []
[2016-05-26 06:14:55] main.DEBUG: cache_invalidate:  {"method":"POST","url":"http://work:8085/jc16/php/setup/index.php/install/start","invalidateInfo":{"identifier":"DB_PDO_MYSQL_DDL_quote_item_4"},"is_exception":false} []
[2016-05-26 06:14:55] main.DEBUG: cache_invalidate:  {"method":"POST","url":"http://work:8085/jc16/php/setup/index.php/install/start","invalidateInfo":{"identifier":"DB_PDO_MYSQL_DDL_quote_item_1"},"is_exception":false} []
[2016-05-26 06:14:55] main.DEBUG: cache_invalidate:  {"method":"POST","url":"http://work:8085/jc16/php/setup/index.php/install/start","invalidateInfo":{"identifier":"DB_PDO_MYSQL_DDL_quote_item_2"},"is_exception":false} []
[2016-05-26 06:14:55] main.DEBUG: cache_invalidate:  {"method":"POST","url":"http://work:8085/jc16/php/setup/index.php/install/start","invalidateInfo":{"identifier":"DB_PDO_MYSQL_DDL_quote_item_3"},"is_exception":false} []
[2016-05-26 06:14:55] main.DEBUG: cache_invalidate:  {"method":"POST","url":"http://work:8085/jc16/php/setup/index.php/install/start","invalidateInfo":{"identifier":"DB_PDO_MYSQL_DDL_quote_item_4"},"is_exception":false} []
[2016-05-26 06:14:55] main.DEBUG: cache_invalidate:  {"method":"POST","url":"http://work:8085/jc16/php/setup/index.php/install/start","invalidateInfo":{"identifier":"DB_PDO_MYSQL_DDL_quote_item_1"},"is_exception":false} []
[2016-05-26 06:14:55] main.DEBUG: cache_invalidate:  {"method":"POST","url":"http://work:8085/jc16/php/setup/index.php/install/start","invalidateInfo":{"identifier":"DB_PDO_MYSQL_DDL_quote_item_2"},"is_exception":false} []
[2016-05-26 06:14:55] main.DEBUG: cache_invalidate:  {"method":"POST","url":"http://work:8085/jc16/php/setup/index.php/install/start","invalidateInfo":{"identifier":"DB_PDO_MYSQL_DDL_quote_item_3"},"is_exception":false} []
[2016-05-26 06:14:55] main.DEBUG: cache_invalidate:  {"method":"POST","url":"http://work:8085/jc16/php/setup/index.php/install/start","invalidateInfo":{"identifier":"DB_PDO_MYSQL_DDL_quote_item_4"},"is_exception":false} []
[2016-05-26 06:14:55] main.DEBUG: cache_invalidate:  {"method":"POST","url":"http://work:8085/jc16/php/setup/index.php/install/start","invalidateInfo":{"identifier":"DB_PDO_MYSQL_DDL_quote_item_1"},"is_exception":false} []
[2016-05-26 06:14:55] main.DEBUG: cache_invalidate:  {"method":"POST","url":"http://work:8085/jc16/php/setup/index.php/install/start","invalidateInfo":{"identifier":"DB_PDO_MYSQL_DDL_quote_item_2"},"is_exception":false} []
[2016-05-26 06:14:55] main.DEBUG: cache_invalidate:  {"method":"POST","url":"http://work:8085/jc16/php/setup/index.php/install/start","invalidateInfo":{"identifier":"DB_PDO_MYSQL_DDL_quote_item_3"},"is_exception":false} []
[2016-05-26 06:14:55] main.DEBUG: cache_invalidate:  {"method":"POST","url":"http://work:8085/jc16/php/setup/index.php/install/start","invalidateInfo":{"identifier":"DB_PDO_MYSQL_DDL_quote_item_4"},"is_exception":false} []
[2016-05-26 06:14:55] main.DEBUG: cache_invalidate:  {"method":"POST","url":"http://work:8085/jc16/php/setup/index.php/install/start","invalidateInfo":{"identifier":"DB_PDO_MYSQL_DDL_quote_item_1"},"is_exception":false} []
[2016-05-26 06:14:55] main.DEBUG: cache_invalidate:  {"method":"POST","url":"http://work:8085/jc16/php/setup/index.php/install/start","invalidateInfo":{"identifier":"DB_PDO_MYSQL_DDL_quote_item_2"},"is_exception":false} []
[2016-05-26 06:14:55] main.DEBUG: cache_invalidate:  {"method":"POST","url":"http://work:8085/jc16/php/setup/index.php/install/start","invalidateInfo":{"identifier":"DB_PDO_MYSQL_DDL_quote_item_3"},"is_exception":false} []
[2016-05-26 06:14:55] main.DEBUG: cache_invalidate:  {"method":"POST","url":"http://work:8085/jc16/php/setup/index.php/install/start","invalidateInfo":{"identifier":"DB_PDO_MYSQL_DDL_quote_item_4"},"is_exception":false} []
[2016-05-26 06:14:55] main.DEBUG: cache_invalidate:  {"method":"POST","url":"http://work:8085/jc16/php/setup/index.php/install/start","invalidateInfo":{"identifier":"DB_PDO_MYSQL_DDL_quote_item_1"},"is_exception":false} []
[2016-05-26 06:14:55] main.DEBUG: cache_invalidate:  {"method":"POST","url":"http://work:8085/jc16/php/setup/index.php/install/start","invalidateInfo":{"identifier":"DB_PDO_MYSQL_DDL_quote_item_2"},"is_exception":false} []
[2016-05-26 06:14:55] main.DEBUG: cache_invalidate:  {"method":"POST","url":"http://work:8085/jc16/php/setup/index.php/install/start","invalidateInfo":{"identifier":"DB_PDO_MYSQL_DDL_quote_item_3"},"is_exception":false} []
[2016-05-26 06:14:55] main.DEBUG: cache_invalidate:  {"method":"POST","url":"http://work:8085/jc16/php/setup/index.php/install/start","invalidateInfo":{"identifier":"DB_PDO_MYSQL_DDL_quote_item_4"},"is_exception":false} []
[2016-05-26 06:14:55] main.DEBUG: cache_invalidate:  {"method":"POST","url":"http://work:8085/jc16/php/setup/index.php/install/start","invalidateInfo":{"identifier":"DB_PDO_MYSQL_DDL_quote_item_1"},"is_exception":false} []
[2016-05-26 06:14:55] main.DEBUG: cache_invalidate:  {"method":"POST","url":"http://work:8085/jc16/php/setup/index.php/install/start","invalidateInfo":{"identifier":"DB_PDO_MYSQL_DDL_quote_item_2"},"is_exception":false} []
[2016-05-26 06:14:55] main.DEBUG: cache_invalidate:  {"method":"POST","url":"http://work:8085/jc16/php/setup/index.php/install/start","invalidateInfo":{"identifier":"DB_PDO_MYSQL_DDL_quote_item_3"},"is_exception":false} []
[2016-05-26 06:14:55] main.DEBUG: cache_invalidate:  {"method":"POST","url":"http://work:8085/jc16/php/setup/index.php/install/start","invalidateInfo":{"identifier":"DB_PDO_MYSQL_DDL_quote_item_4"},"is_exception":false} []
[2016-05-26 06:14:55] main.DEBUG: cache_invalidate:  {"method":"POST","url":"http://work:8085/jc16/php/setup/index.php/install/start","invalidateInfo":{"identifier":"DB_PDO_MYSQL_DDL_sales_order_item_1"},"is_exception":false} []
[2016-05-26 06:14:55] main.DEBUG: cache_invalidate:  {"method":"POST","url":"http://work:8085/jc16/php/setup/index.php/install/start","invalidateInfo":{"identifier":"DB_PDO_MYSQL_DDL_sales_order_item_2"},"is_exception":false} []
[2016-05-26 06:14:55] main.DEBUG: cache_invalidate:  {"method":"POST","url":"http://work:8085/jc16/php/setup/index.php/install/start","invalidateInfo":{"identifier":"DB_PDO_MYSQL_DDL_sales_order_item_3"},"is_exception":false} []
[2016-05-26 06:14:55] main.DEBUG: cache_invalidate:  {"method":"POST","url":"http://work:8085/jc16/php/setup/index.php/install/start","invalidateInfo":{"identifier":"DB_PDO_MYSQL_DDL_sales_order_item_4"},"is_exception":false} []
[2016-05-26 06:14:55] main.DEBUG: cache_invalidate:  {"method":"POST","url":"http://work:8085/jc16/php/setup/index.php/install/start","invalidateInfo":{"identifier":"DB_PDO_MYSQL_DDL_sales_order_item_1"},"is_exception":false} []
[2016-05-26 06:14:55] main.DEBUG: cache_invalidate:  {"method":"POST","url":"http://work:8085/jc16/php/setup/index.php/install/start","invalidateInfo":{"identifier":"DB_PDO_MYSQL_DDL_sales_order_item_2"},"is_exception":false} []
[2016-05-26 06:14:55] main.DEBUG: cache_invalidate:  {"method":"POST","url":"http://work:8085/jc16/php/setup/index.php/install/start","invalidateInfo":{"identifier":"DB_PDO_MYSQL_DDL_sales_order_item_3"},"is_exception":false} []
[2016-05-26 06:14:55] main.DEBUG: cache_invalidate:  {"method":"POST","url":"http://work:8085/jc16/php/setup/index.php/install/start","invalidateInfo":{"identifier":"DB_PDO_MYSQL_DDL_sales_order_item_4"},"is_exception":false} []
[2016-05-26 06:14:55] main.DEBUG: cache_invalidate:  {"method":"POST","url":"http://work:8085/jc16/php/setup/index.php/install/start","invalidateInfo":{"identifier":"DB_PDO_MYSQL_DDL_sales_order_item_1"},"is_exception":false} []
[2016-05-26 06:14:55] main.DEBUG: cache_invalidate:  {"method":"POST","url":"http://work:8085/jc16/php/setup/index.php/install/start","invalidateInfo":{"identifier":"DB_PDO_MYSQL_DDL_sales_order_item_2"},"is_exception":false} []
[2016-05-26 06:14:55] main.DEBUG: cache_invalidate:  {"method":"POST","url":"http://work:8085/jc16/php/setup/index.php/install/start","invalidateInfo":{"identifier":"DB_PDO_MYSQL_DDL_sales_order_item_3"},"is_exception":false} []
[2016-05-26 06:14:55] main.DEBUG: cache_invalidate:  {"method":"POST","url":"http://work:8085/jc16/php/setup/index.php/install/start","invalidateInfo":{"identifier":"DB_PDO_MYSQL_DDL_sales_order_item_4"},"is_exception":false} []
[2016-05-26 06:14:55] main.DEBUG: cache_invalidate:  {"method":"POST","url":"http://work:8085/jc16/php/setup/index.php/install/start","invalidateInfo":{"identifier":"DB_PDO_MYSQL_DDL_sales_order_item_1"},"is_exception":false} []
[2016-05-26 06:14:55] main.DEBUG: cache_invalidate:  {"method":"POST","url":"http://work:8085/jc16/php/setup/index.php/install/start","invalidateInfo":{"identifier":"DB_PDO_MYSQL_DDL_sales_order_item_2"},"is_exception":false} []
[2016-05-26 06:14:55] main.DEBUG: cache_invalidate:  {"method":"POST","url":"http://work:8085/jc16/php/setup/index.php/install/start","invalidateInfo":{"identifier":"DB_PDO_MYSQL_DDL_sales_order_item_3"},"is_exception":false} []
[2016-05-26 06:14:55] main.DEBUG: cache_invalidate:  {"method":"POST","url":"http://work:8085/jc16/php/setup/index.php/install/start","invalidateInfo":{"identifier":"DB_PDO_MYSQL_DDL_sales_order_item_4"},"is_exception":false} []
[2016-05-26 06:14:55] main.DEBUG: cache_invalidate:  {"method":"POST","url":"http://work:8085/jc16/php/setup/index.php/install/start","invalidateInfo":{"identifier":"DB_PDO_MYSQL_DDL_sales_order_item_1"},"is_exception":false} []
[2016-05-26 06:14:55] main.DEBUG: cache_invalidate:  {"method":"POST","url":"http://work:8085/jc16/php/setup/index.php/install/start","invalidateInfo":{"identifier":"DB_PDO_MYSQL_DDL_sales_order_item_2"},"is_exception":false} []
[2016-05-26 06:14:55] main.DEBUG: cache_invalidate:  {"method":"POST","url":"http://work:8085/jc16/php/setup/index.php/install/start","invalidateInfo":{"identifier":"DB_PDO_MYSQL_DDL_sales_order_item_3"},"is_exception":false} []
[2016-05-26 06:14:55] main.DEBUG: cache_invalidate:  {"method":"POST","url":"http://work:8085/jc16/php/setup/index.php/install/start","invalidateInfo":{"identifier":"DB_PDO_MYSQL_DDL_sales_order_item_4"},"is_exception":false} []
[2016-05-26 06:14:55] main.DEBUG: cache_invalidate:  {"method":"POST","url":"http://work:8085/jc16/php/setup/index.php/install/start","invalidateInfo":{"identifier":"DB_PDO_MYSQL_DDL_sales_order_item_1"},"is_exception":false} []
[2016-05-26 06:14:55] main.DEBUG: cache_invalidate:  {"method":"POST","url":"http://work:8085/jc16/php/setup/index.php/install/start","invalidateInfo":{"identifier":"DB_PDO_MYSQL_DDL_sales_order_item_2"},"is_exception":false} []
[2016-05-26 06:14:55] main.DEBUG: cache_invalidate:  {"method":"POST","url":"http://work:8085/jc16/php/setup/index.php/install/start","invalidateInfo":{"identifier":"DB_PDO_MYSQL_DDL_sales_order_item_3"},"is_exception":false} []
[2016-05-26 06:14:55] main.DEBUG: cache_invalidate:  {"method":"POST","url":"http://work:8085/jc16/php/setup/index.php/install/start","invalidateInfo":{"identifier":"DB_PDO_MYSQL_DDL_sales_order_item_4"},"is_exception":false} []
[2016-05-26 06:14:55] main.DEBUG: cache_invalidate:  {"method":"POST","url":"http://work:8085/jc16/php/setup/index.php/install/start","invalidateInfo":{"identifier":"DB_PDO_MYSQL_DDL_sales_order_item_1"},"is_exception":false} []
[2016-05-26 06:14:55] main.DEBUG: cache_invalidate:  {"method":"POST","url":"http://work:8085/jc16/php/setup/index.php/install/start","invalidateInfo":{"identifier":"DB_PDO_MYSQL_DDL_sales_order_item_2"},"is_exception":false} []
[2016-05-26 06:14:55] main.DEBUG: cache_invalidate:  {"method":"POST","url":"http://work:8085/jc16/php/setup/index.php/install/start","invalidateInfo":{"identifier":"DB_PDO_MYSQL_DDL_sales_order_item_3"},"is_exception":false} []
[2016-05-26 06:14:55] main.DEBUG: cache_invalidate:  {"method":"POST","url":"http://work:8085/jc16/php/setup/index.php/install/start","invalidateInfo":{"identifier":"DB_PDO_MYSQL_DDL_sales_order_item_4"},"is_exception":false} []
[2016-05-26 06:14:55] main.DEBUG: cache_invalidate:  {"method":"POST","url":"http://work:8085/jc16/php/setup/index.php/install/start","invalidateInfo":{"identifier":"DB_PDO_MYSQL_DDL_sales_order_item_1"},"is_exception":false} []
[2016-05-26 06:14:55] main.DEBUG: cache_invalidate:  {"method":"POST","url":"http://work:8085/jc16/php/setup/index.php/install/start","invalidateInfo":{"identifier":"DB_PDO_MYSQL_DDL_sales_order_item_2"},"is_exception":false} []
[2016-05-26 06:14:55] main.DEBUG: cache_invalidate:  {"method":"POST","url":"http://work:8085/jc16/php/setup/index.php/install/start","invalidateInfo":{"identifier":"DB_PDO_MYSQL_DDL_sales_order_item_3"},"is_exception":false} []
[2016-05-26 06:14:55] main.DEBUG: cache_invalidate:  {"method":"POST","url":"http://work:8085/jc16/php/setup/index.php/install/start","invalidateInfo":{"identifier":"DB_PDO_MYSQL_DDL_sales_order_item_4"},"is_exception":false} []
[2016-05-26 06:14:55] main.DEBUG: cache_invalidate:  {"method":"POST","url":"http://work:8085/jc16/php/setup/index.php/install/start","invalidateInfo":{"identifier":"DB_PDO_MYSQL_DDL_sales_order_item_1"},"is_exception":false} []
[2016-05-26 06:14:55] main.DEBUG: cache_invalidate:  {"method":"POST","url":"http://work:8085/jc16/php/setup/index.php/install/start","invalidateInfo":{"identifier":"DB_PDO_MYSQL_DDL_sales_order_item_2"},"is_exception":false} []
[2016-05-26 06:14:55] main.DEBUG: cache_invalidate:  {"method":"POST","url":"http://work:8085/jc16/php/setup/index.php/install/start","invalidateInfo":{"identifier":"DB_PDO_MYSQL_DDL_sales_order_item_3"},"is_exception":false} []
[2016-05-26 06:14:55] main.DEBUG: cache_invalidate:  {"method":"POST","url":"http://work:8085/jc16/php/setup/index.php/install/start","invalidateInfo":{"identifier":"DB_PDO_MYSQL_DDL_sales_order_item_4"},"is_exception":false} []
[2016-05-26 06:14:56] main.DEBUG: cache_invalidate:  {"method":"POST","url":"http://work:8085/jc16/php/setup/index.php/install/start","invalidateInfo":{"identifier":"DB_PDO_MYSQL_DDL_sales_invoice_item_1"},"is_exception":false} []
[2016-05-26 06:14:56] main.DEBUG: cache_invalidate:  {"method":"POST","url":"http://work:8085/jc16/php/setup/index.php/install/start","invalidateInfo":{"identifier":"DB_PDO_MYSQL_DDL_sales_invoice_item_2"},"is_exception":false} []
[2016-05-26 06:14:56] main.DEBUG: cache_invalidate:  {"method":"POST","url":"http://work:8085/jc16/php/setup/index.php/install/start","invalidateInfo":{"identifier":"DB_PDO_MYSQL_DDL_sales_invoice_item_3"},"is_exception":false} []
[2016-05-26 06:14:56] main.DEBUG: cache_invalidate:  {"method":"POST","url":"http://work:8085/jc16/php/setup/index.php/install/start","invalidateInfo":{"identifier":"DB_PDO_MYSQL_DDL_sales_invoice_item_4"},"is_exception":false} []
[2016-05-26 06:14:56] main.DEBUG: cache_invalidate:  {"method":"POST","url":"http://work:8085/jc16/php/setup/index.php/install/start","invalidateInfo":{"identifier":"DB_PDO_MYSQL_DDL_sales_invoice_item_1"},"is_exception":false} []
[2016-05-26 06:14:56] main.DEBUG: cache_invalidate:  {"method":"POST","url":"http://work:8085/jc16/php/setup/index.php/install/start","invalidateInfo":{"identifier":"DB_PDO_MYSQL_DDL_sales_invoice_item_2"},"is_exception":false} []
[2016-05-26 06:14:56] main.DEBUG: cache_invalidate:  {"method":"POST","url":"http://work:8085/jc16/php/setup/index.php/install/start","invalidateInfo":{"identifier":"DB_PDO_MYSQL_DDL_sales_invoice_item_3"},"is_exception":false} []
[2016-05-26 06:14:56] main.DEBUG: cache_invalidate:  {"method":"POST","url":"http://work:8085/jc16/php/setup/index.php/install/start","invalidateInfo":{"identifier":"DB_PDO_MYSQL_DDL_sales_invoice_item_4"},"is_exception":false} []
[2016-05-26 06:14:56] main.DEBUG: cache_invalidate:  {"method":"POST","url":"http://work:8085/jc16/php/setup/index.php/install/start","invalidateInfo":{"identifier":"DB_PDO_MYSQL_DDL_sales_invoice_item_1"},"is_exception":false} []
[2016-05-26 06:14:56] main.DEBUG: cache_invalidate:  {"method":"POST","url":"http://work:8085/jc16/php/setup/index.php/install/start","invalidateInfo":{"identifier":"DB_PDO_MYSQL_DDL_sales_invoice_item_2"},"is_exception":false} []
[2016-05-26 06:14:56] main.DEBUG: cache_invalidate:  {"method":"POST","url":"http://work:8085/jc16/php/setup/index.php/install/start","invalidateInfo":{"identifier":"DB_PDO_MYSQL_DDL_sales_invoice_item_3"},"is_exception":false} []
[2016-05-26 06:14:56] main.DEBUG: cache_invalidate:  {"method":"POST","url":"http://work:8085/jc16/php/setup/index.php/install/start","invalidateInfo":{"identifier":"DB_PDO_MYSQL_DDL_sales_invoice_item_4"},"is_exception":false} []
[2016-05-26 06:14:56] main.DEBUG: cache_invalidate:  {"method":"POST","url":"http://work:8085/jc16/php/setup/index.php/install/start","invalidateInfo":{"identifier":"DB_PDO_MYSQL_DDL_sales_invoice_item_1"},"is_exception":false} []
[2016-05-26 06:14:56] main.DEBUG: cache_invalidate:  {"method":"POST","url":"http://work:8085/jc16/php/setup/index.php/install/start","invalidateInfo":{"identifier":"DB_PDO_MYSQL_DDL_sales_invoice_item_2"},"is_exception":false} []
[2016-05-26 06:14:56] main.DEBUG: cache_invalidate:  {"method":"POST","url":"http://work:8085/jc16/php/setup/index.php/install/start","invalidateInfo":{"identifier":"DB_PDO_MYSQL_DDL_sales_invoice_item_3"},"is_exception":false} []
[2016-05-26 06:14:56] main.DEBUG: cache_invalidate:  {"method":"POST","url":"http://work:8085/jc16/php/setup/index.php/install/start","invalidateInfo":{"identifier":"DB_PDO_MYSQL_DDL_sales_invoice_item_4"},"is_exception":false} []
[2016-05-26 06:14:56] main.DEBUG: cache_invalidate:  {"method":"POST","url":"http://work:8085/jc16/php/setup/index.php/install/start","invalidateInfo":{"identifier":"DB_PDO_MYSQL_DDL_sales_invoice_item_1"},"is_exception":false} []
[2016-05-26 06:14:56] main.DEBUG: cache_invalidate:  {"method":"POST","url":"http://work:8085/jc16/php/setup/index.php/install/start","invalidateInfo":{"identifier":"DB_PDO_MYSQL_DDL_sales_invoice_item_2"},"is_exception":false} []
[2016-05-26 06:14:56] main.DEBUG: cache_invalidate:  {"method":"POST","url":"http://work:8085/jc16/php/setup/index.php/install/start","invalidateInfo":{"identifier":"DB_PDO_MYSQL_DDL_sales_invoice_item_3"},"is_exception":false} []
[2016-05-26 06:14:56] main.DEBUG: cache_invalidate:  {"method":"POST","url":"http://work:8085/jc16/php/setup/index.php/install/start","invalidateInfo":{"identifier":"DB_PDO_MYSQL_DDL_sales_invoice_item_4"},"is_exception":false} []
[2016-05-26 06:14:56] main.DEBUG: cache_invalidate:  {"method":"POST","url":"http://work:8085/jc16/php/setup/index.php/install/start","invalidateInfo":{"identifier":"DB_PDO_MYSQL_DDL_sales_invoice_item_1"},"is_exception":false} []
[2016-05-26 06:14:56] main.DEBUG: cache_invalidate:  {"method":"POST","url":"http://work:8085/jc16/php/setup/index.php/install/start","invalidateInfo":{"identifier":"DB_PDO_MYSQL_DDL_sales_invoice_item_2"},"is_exception":false} []
[2016-05-26 06:14:56] main.DEBUG: cache_invalidate:  {"method":"POST","url":"http://work:8085/jc16/php/setup/index.php/install/start","invalidateInfo":{"identifier":"DB_PDO_MYSQL_DDL_sales_invoice_item_3"},"is_exception":false} []
[2016-05-26 06:14:56] main.DEBUG: cache_invalidate:  {"method":"POST","url":"http://work:8085/jc16/php/setup/index.php/install/start","invalidateInfo":{"identifier":"DB_PDO_MYSQL_DDL_sales_invoice_item_4"},"is_exception":false} []
[2016-05-26 06:14:56] main.DEBUG: cache_invalidate:  {"method":"POST","url":"http://work:8085/jc16/php/setup/index.php/install/start","invalidateInfo":{"identifier":"DB_PDO_MYSQL_DDL_sales_invoice_item_1"},"is_exception":false} []
[2016-05-26 06:14:56] main.DEBUG: cache_invalidate:  {"method":"POST","url":"http://work:8085/jc16/php/setup/index.php/install/start","invalidateInfo":{"identifier":"DB_PDO_MYSQL_DDL_sales_invoice_item_2"},"is_exception":false} []
[2016-05-26 06:14:56] main.DEBUG: cache_invalidate:  {"method":"POST","url":"http://work:8085/jc16/php/setup/index.php/install/start","invalidateInfo":{"identifier":"DB_PDO_MYSQL_DDL_sales_invoice_item_3"},"is_exception":false} []
[2016-05-26 06:14:56] main.DEBUG: cache_invalidate:  {"method":"POST","url":"http://work:8085/jc16/php/setup/index.php/install/start","invalidateInfo":{"identifier":"DB_PDO_MYSQL_DDL_sales_invoice_item_4"},"is_exception":false} []
[2016-05-26 06:14:56] main.DEBUG: cache_invalidate:  {"method":"POST","url":"http://work:8085/jc16/php/setup/index.php/install/start","invalidateInfo":{"identifier":"DB_PDO_MYSQL_DDL_sales_invoice_item_1"},"is_exception":false} []
[2016-05-26 06:14:56] main.DEBUG: cache_invalidate:  {"method":"POST","url":"http://work:8085/jc16/php/setup/index.php/install/start","invalidateInfo":{"identifier":"DB_PDO_MYSQL_DDL_sales_invoice_item_2"},"is_exception":false} []
[2016-05-26 06:14:56] main.DEBUG: cache_invalidate:  {"method":"POST","url":"http://work:8085/jc16/php/setup/index.php/install/start","invalidateInfo":{"identifier":"DB_PDO_MYSQL_DDL_sales_invoice_item_3"},"is_exception":false} []
[2016-05-26 06:14:56] main.DEBUG: cache_invalidate:  {"method":"POST","url":"http://work:8085/jc16/php/setup/index.php/install/start","invalidateInfo":{"identifier":"DB_PDO_MYSQL_DDL_sales_invoice_item_4"},"is_exception":false} []
[2016-05-26 06:14:56] main.DEBUG: cache_invalidate:  {"method":"POST","url":"http://work:8085/jc16/php/setup/index.php/install/start","invalidateInfo":{"identifier":"DB_PDO_MYSQL_DDL_sales_invoice_item_1"},"is_exception":false} []
[2016-05-26 06:14:56] main.DEBUG: cache_invalidate:  {"method":"POST","url":"http://work:8085/jc16/php/setup/index.php/install/start","invalidateInfo":{"identifier":"DB_PDO_MYSQL_DDL_sales_invoice_item_2"},"is_exception":false} []
[2016-05-26 06:14:56] main.DEBUG: cache_invalidate:  {"method":"POST","url":"http://work:8085/jc16/php/setup/index.php/install/start","invalidateInfo":{"identifier":"DB_PDO_MYSQL_DDL_sales_invoice_item_3"},"is_exception":false} []
[2016-05-26 06:14:56] main.DEBUG: cache_invalidate:  {"method":"POST","url":"http://work:8085/jc16/php/setup/index.php/install/start","invalidateInfo":{"identifier":"DB_PDO_MYSQL_DDL_sales_invoice_item_4"},"is_exception":false} []
[2016-05-26 06:14:56] main.DEBUG: cache_invalidate:  {"method":"POST","url":"http://work:8085/jc16/php/setup/index.php/install/start","invalidateInfo":{"identifier":"DB_PDO_MYSQL_DDL_sales_creditmemo_item_1"},"is_exception":false} []
[2016-05-26 06:14:56] main.DEBUG: cache_invalidate:  {"method":"POST","url":"http://work:8085/jc16/php/setup/index.php/install/start","invalidateInfo":{"identifier":"DB_PDO_MYSQL_DDL_sales_creditmemo_item_2"},"is_exception":false} []
[2016-05-26 06:14:56] main.DEBUG: cache_invalidate:  {"method":"POST","url":"http://work:8085/jc16/php/setup/index.php/install/start","invalidateInfo":{"identifier":"DB_PDO_MYSQL_DDL_sales_creditmemo_item_3"},"is_exception":false} []
[2016-05-26 06:14:56] main.DEBUG: cache_invalidate:  {"method":"POST","url":"http://work:8085/jc16/php/setup/index.php/install/start","invalidateInfo":{"identifier":"DB_PDO_MYSQL_DDL_sales_creditmemo_item_4"},"is_exception":false} []
[2016-05-26 06:14:56] main.DEBUG: cache_invalidate:  {"method":"POST","url":"http://work:8085/jc16/php/setup/index.php/install/start","invalidateInfo":{"identifier":"DB_PDO_MYSQL_DDL_sales_creditmemo_item_1"},"is_exception":false} []
[2016-05-26 06:14:56] main.DEBUG: cache_invalidate:  {"method":"POST","url":"http://work:8085/jc16/php/setup/index.php/install/start","invalidateInfo":{"identifier":"DB_PDO_MYSQL_DDL_sales_creditmemo_item_2"},"is_exception":false} []
[2016-05-26 06:14:56] main.DEBUG: cache_invalidate:  {"method":"POST","url":"http://work:8085/jc16/php/setup/index.php/install/start","invalidateInfo":{"identifier":"DB_PDO_MYSQL_DDL_sales_creditmemo_item_3"},"is_exception":false} []
[2016-05-26 06:14:56] main.DEBUG: cache_invalidate:  {"method":"POST","url":"http://work:8085/jc16/php/setup/index.php/install/start","invalidateInfo":{"identifier":"DB_PDO_MYSQL_DDL_sales_creditmemo_item_4"},"is_exception":false} []
[2016-05-26 06:14:56] main.DEBUG: cache_invalidate:  {"method":"POST","url":"http://work:8085/jc16/php/setup/index.php/install/start","invalidateInfo":{"identifier":"DB_PDO_MYSQL_DDL_sales_creditmemo_item_1"},"is_exception":false} []
[2016-05-26 06:14:56] main.DEBUG: cache_invalidate:  {"method":"POST","url":"http://work:8085/jc16/php/setup/index.php/install/start","invalidateInfo":{"identifier":"DB_PDO_MYSQL_DDL_sales_creditmemo_item_2"},"is_exception":false} []
[2016-05-26 06:14:56] main.DEBUG: cache_invalidate:  {"method":"POST","url":"http://work:8085/jc16/php/setup/index.php/install/start","invalidateInfo":{"identifier":"DB_PDO_MYSQL_DDL_sales_creditmemo_item_3"},"is_exception":false} []
[2016-05-26 06:14:56] main.DEBUG: cache_invalidate:  {"method":"POST","url":"http://work:8085/jc16/php/setup/index.php/install/start","invalidateInfo":{"identifier":"DB_PDO_MYSQL_DDL_sales_creditmemo_item_4"},"is_exception":false} []
[2016-05-26 06:14:56] main.DEBUG: cache_invalidate:  {"method":"POST","url":"http://work:8085/jc16/php/setup/index.php/install/start","invalidateInfo":{"identifier":"DB_PDO_MYSQL_DDL_sales_creditmemo_item_1"},"is_exception":false} []
[2016-05-26 06:14:56] main.DEBUG: cache_invalidate:  {"method":"POST","url":"http://work:8085/jc16/php/setup/index.php/install/start","invalidateInfo":{"identifier":"DB_PDO_MYSQL_DDL_sales_creditmemo_item_2"},"is_exception":false} []
[2016-05-26 06:14:56] main.DEBUG: cache_invalidate:  {"method":"POST","url":"http://work:8085/jc16/php/setup/index.php/install/start","invalidateInfo":{"identifier":"DB_PDO_MYSQL_DDL_sales_creditmemo_item_3"},"is_exception":false} []
[2016-05-26 06:14:56] main.DEBUG: cache_invalidate:  {"method":"POST","url":"http://work:8085/jc16/php/setup/index.php/install/start","invalidateInfo":{"identifier":"DB_PDO_MYSQL_DDL_sales_creditmemo_item_4"},"is_exception":false} []
[2016-05-26 06:14:56] main.DEBUG: cache_invalidate:  {"method":"POST","url":"http://work:8085/jc16/php/setup/index.php/install/start","invalidateInfo":{"identifier":"DB_PDO_MYSQL_DDL_sales_creditmemo_item_1"},"is_exception":false} []
[2016-05-26 06:14:56] main.DEBUG: cache_invalidate:  {"method":"POST","url":"http://work:8085/jc16/php/setup/index.php/install/start","invalidateInfo":{"identifier":"DB_PDO_MYSQL_DDL_sales_creditmemo_item_2"},"is_exception":false} []
[2016-05-26 06:14:56] main.DEBUG: cache_invalidate:  {"method":"POST","url":"http://work:8085/jc16/php/setup/index.php/install/start","invalidateInfo":{"identifier":"DB_PDO_MYSQL_DDL_sales_creditmemo_item_3"},"is_exception":false} []
[2016-05-26 06:14:56] main.DEBUG: cache_invalidate:  {"method":"POST","url":"http://work:8085/jc16/php/setup/index.php/install/start","invalidateInfo":{"identifier":"DB_PDO_MYSQL_DDL_sales_creditmemo_item_4"},"is_exception":false} []
[2016-05-26 06:14:56] main.DEBUG: cache_invalidate:  {"method":"POST","url":"http://work:8085/jc16/php/setup/index.php/install/start","invalidateInfo":{"identifier":"DB_PDO_MYSQL_DDL_sales_creditmemo_item_1"},"is_exception":false} []
[2016-05-26 06:14:56] main.DEBUG: cache_invalidate:  {"method":"POST","url":"http://work:8085/jc16/php/setup/index.php/install/start","invalidateInfo":{"identifier":"DB_PDO_MYSQL_DDL_sales_creditmemo_item_2"},"is_exception":false} []
[2016-05-26 06:14:56] main.DEBUG: cache_invalidate:  {"method":"POST","url":"http://work:8085/jc16/php/setup/index.php/install/start","invalidateInfo":{"identifier":"DB_PDO_MYSQL_DDL_sales_creditmemo_item_3"},"is_exception":false} []
[2016-05-26 06:14:56] main.DEBUG: cache_invalidate:  {"method":"POST","url":"http://work:8085/jc16/php/setup/index.php/install/start","invalidateInfo":{"identifier":"DB_PDO_MYSQL_DDL_sales_creditmemo_item_4"},"is_exception":false} []
[2016-05-26 06:14:56] main.DEBUG: cache_invalidate:  {"method":"POST","url":"http://work:8085/jc16/php/setup/index.php/install/start","invalidateInfo":{"identifier":"DB_PDO_MYSQL_DDL_sales_creditmemo_item_1"},"is_exception":false} []
[2016-05-26 06:14:56] main.DEBUG: cache_invalidate:  {"method":"POST","url":"http://work:8085/jc16/php/setup/index.php/install/start","invalidateInfo":{"identifier":"DB_PDO_MYSQL_DDL_sales_creditmemo_item_2"},"is_exception":false} []
[2016-05-26 06:14:56] main.DEBUG: cache_invalidate:  {"method":"POST","url":"http://work:8085/jc16/php/setup/index.php/install/start","invalidateInfo":{"identifier":"DB_PDO_MYSQL_DDL_sales_creditmemo_item_3"},"is_exception":false} []
[2016-05-26 06:14:56] main.DEBUG: cache_invalidate:  {"method":"POST","url":"http://work:8085/jc16/php/setup/index.php/install/start","invalidateInfo":{"identifier":"DB_PDO_MYSQL_DDL_sales_creditmemo_item_4"},"is_exception":false} []
[2016-05-26 06:14:56] main.DEBUG: cache_invalidate:  {"method":"POST","url":"http://work:8085/jc16/php/setup/index.php/install/start","invalidateInfo":{"identifier":"DB_PDO_MYSQL_DDL_sales_creditmemo_item_1"},"is_exception":false} []
[2016-05-26 06:14:56] main.DEBUG: cache_invalidate:  {"method":"POST","url":"http://work:8085/jc16/php/setup/index.php/install/start","invalidateInfo":{"identifier":"DB_PDO_MYSQL_DDL_sales_creditmemo_item_2"},"is_exception":false} []
[2016-05-26 06:14:56] main.DEBUG: cache_invalidate:  {"method":"POST","url":"http://work:8085/jc16/php/setup/index.php/install/start","invalidateInfo":{"identifier":"DB_PDO_MYSQL_DDL_sales_creditmemo_item_3"},"is_exception":false} []
[2016-05-26 06:14:56] main.DEBUG: cache_invalidate:  {"method":"POST","url":"http://work:8085/jc16/php/setup/index.php/install/start","invalidateInfo":{"identifier":"DB_PDO_MYSQL_DDL_sales_creditmemo_item_4"},"is_exception":false} []
[2016-05-26 06:14:56] main.DEBUG: cache_invalidate:  {"method":"POST","url":"http://work:8085/jc16/php/setup/index.php/install/start","invalidateInfo":{"identifier":"DB_PDO_MYSQL_DDL_sales_creditmemo_item_1"},"is_exception":false} []
[2016-05-26 06:14:56] main.DEBUG: cache_invalidate:  {"method":"POST","url":"http://work:8085/jc16/php/setup/index.php/install/start","invalidateInfo":{"identifier":"DB_PDO_MYSQL_DDL_sales_creditmemo_item_2"},"is_exception":false} []
[2016-05-26 06:14:56] main.DEBUG: cache_invalidate:  {"method":"POST","url":"http://work:8085/jc16/php/setup/index.php/install/start","invalidateInfo":{"identifier":"DB_PDO_MYSQL_DDL_sales_creditmemo_item_3"},"is_exception":false} []
[2016-05-26 06:14:56] main.DEBUG: cache_invalidate:  {"method":"POST","url":"http://work:8085/jc16/php/setup/index.php/install/start","invalidateInfo":{"identifier":"DB_PDO_MYSQL_DDL_sales_creditmemo_item_4"},"is_exception":false} []
[2016-05-26 06:14:56] main.DEBUG: cache_invalidate:  {"method":"POST","url":"http://work:8085/jc16/php/setup/index.php/install/start","invalidateInfo":{"tags":["CONFIG"],"mode":"matchingTag"},"is_exception":false} []
[2016-05-26 06:14:56] main.DEBUG: cache_invalidate:  {"method":"POST","url":"http://work:8085/jc16/php/setup/index.php/install/start","invalidateInfo":{"tags":["LAYOUT_GENERAL_CACHE_TAG"],"mode":"matchingTag"},"is_exception":false} []
[2016-05-26 06:14:56] main.DEBUG: cache_invalidate:  {"method":"POST","url":"http://work:8085/jc16/php/setup/index.php/install/start","invalidateInfo":{"tags":["BLOCK_HTML"],"mode":"matchingTag"},"is_exception":false} []
[2016-05-26 06:14:56] main.DEBUG: cache_invalidate:  {"method":"POST","url":"http://work:8085/jc16/php/setup/index.php/install/start","invalidateInfo":{"tags":["COLLECTION_DATA"],"mode":"matchingTag"},"is_exception":false} []
[2016-05-26 06:14:56] main.DEBUG: cache_invalidate:  {"method":"POST","url":"http://work:8085/jc16/php/setup/index.php/install/start","invalidateInfo":{"tags":["REFLECTION"],"mode":"matchingTag"},"is_exception":false} []
[2016-05-26 06:14:56] main.DEBUG: cache_invalidate:  {"method":"POST","url":"http://work:8085/jc16/php/setup/index.php/install/start","invalidateInfo":{"tags":["DB_DDL"],"mode":"matchingTag"},"is_exception":false} []
[2016-05-26 06:14:56] main.DEBUG: cache_invalidate:  {"method":"POST","url":"http://work:8085/jc16/php/setup/index.php/install/start","invalidateInfo":{"tags":["EAV"],"mode":"matchingTag"},"is_exception":false} []
[2016-05-26 06:14:56] main.DEBUG: cache_invalidate:  {"method":"POST","url":"http://work:8085/jc16/php/setup/index.php/install/start","invalidateInfo":{"tags":["INTEGRATION"],"mode":"matchingTag"},"is_exception":false} []
[2016-05-26 06:14:56] main.DEBUG: cache_invalidate:  {"method":"POST","url":"http://work:8085/jc16/php/setup/index.php/install/start","invalidateInfo":{"tags":["INTEGRATION_API_CONFIG"],"mode":"matchingTag"},"is_exception":false} []
[2016-05-26 06:14:56] main.DEBUG: cache_invalidate:  {"method":"POST","url":"http://work:8085/jc16/php/setup/index.php/install/start","invalidateInfo":{"tags":["FPC"],"mode":"matchingTag"},"is_exception":false} []
[2016-05-26 06:14:56] main.DEBUG: cache_invalidate:  {"method":"POST","url":"http://work:8085/jc16/php/setup/index.php/install/start","invalidateInfo":{"tags":["TRANSLATE"],"mode":"matchingTag"},"is_exception":false} []
[2016-05-26 06:14:56] main.DEBUG: cache_invalidate:  {"method":"POST","url":"http://work:8085/jc16/php/setup/index.php/install/start","invalidateInfo":{"tags":["WEBSERVICE"],"mode":"matchingTag"},"is_exception":false} []
[2016-05-26 06:14:58] main.DEBUG: cache_invalidate:  {"method":"GET","url":"http://work:8085/jc16/php/setup/index.php/success","invalidateInfo":{"tags":["interception","CONFIG"],"mode":"matchingTag"},"is_exception":false} []
[2016-05-26 06:14:59] main.DEBUG: cache_invalidate:  {"method":"POST","url":"http://work:8085/jc16/php/setup/index.php/install/progress","invalidateInfo":{"tags":["interception","CONFIG"],"mode":"matchingTag"},"is_exception":false} []
[2016-05-26 07:27:26] main.DEBUG: cache_invalidate:  {"method":"POST","url":"http://work:8085/jc16/php/admin/admin/index/index/key/e13ae812f214efa01fd802b8733a01d875fa5941f9552fbc24cc46110894a10b/","invalidateInfo":{"tags":["BACKEND_MAINMENU"],"mode":"matchingAnyTag"},"is_exception":false} []
[2016-05-26 08:13:03] main.DEBUG: cache_invalidate:  {"method":"POST","url":"http://work:8085/jc16/php/admin/admin/index/index/key/8a91939968d898f22558fabaaba075d6759d4bc9ce50a4c5e2f4b16bb3c0750d/","invalidateInfo":{"tags":["BACKEND_MAINMENU"],"mode":"matchingAnyTag"},"is_exception":false} []
[2016-06-04 10:16:21] main.DEBUG: cache_invalidate:  {"method":"POST","url":"http://work:8085/jc16/php/admin/admin/index/index/key/7d3a983bd249c9157c846be4ee95b24faf130799f1c265661657213e9660cfb8/","invalidateInfo":{"tags":["BACKEND_MAINMENU"],"mode":"matchingAnyTag"},"is_exception":false} []
[2016-06-04 10:25:27] main.DEBUG: cache_invalidate:  {"method":"POST","url":"http://work:8085/jc16/php/admin/admin/index/index/key/9aa8ef91ed82a75b2d69a0ff349bd4e9e98c7b108ba703d3240e753799a20bb4/","invalidateInfo":{"tags":["BACKEND_MAINMENU"],"mode":"matchingAnyTag"},"is_exception":false} []
[2016-06-04 10:39:44] main.DEBUG: cache_invalidate:  {"method":"GET","url":"http://work:8085/jc16/php/admin/admin/cache/flushSystem/key/056905f06424a1e7d8eda699d9935d90035443cdcdb9938330f9ab93cdfa0656/","invalidateInfo":{"tags":[],"mode":"all"},"is_exception":false} []
[2016-06-04 10:39:44] main.DEBUG: cache_invalidate:  {"method":"GET","url":"http://work:8085/jc16/php/admin/admin/cache/flushSystem/key/056905f06424a1e7d8eda699d9935d90035443cdcdb9938330f9ab93cdfa0656/","invalidateInfo":{"tags":[],"mode":"all"},"is_exception":false} []
[2016-06-04 10:39:44] main.DEBUG: cache_invalidate:  {"method":"GET","url":"http://work:8085/jc16/php/admin/admin/cache/flushSystem/key/056905f06424a1e7d8eda699d9935d90035443cdcdb9938330f9ab93cdfa0656/","invalidateInfo":{"tags":[],"mode":"all"},"is_exception":false} []
[2016-06-04 10:39:44] main.DEBUG: cache_invalidate:  {"method":"GET","url":"http://work:8085/jc16/php/admin/admin/cache/flushSystem/key/056905f06424a1e7d8eda699d9935d90035443cdcdb9938330f9ab93cdfa0656/","invalidateInfo":{"tags":[],"mode":"all"},"is_exception":false} []
[2016-06-04 10:39:46] main.DEBUG: cache_invalidate:  {"method":"GET","url":"http://work:8085/jc16/php/admin/admin/cache/index/key/49b6318b3dfc0ec71a03312a2dd79828e708bbe66bec55d68ace3f085b6e11b0/","invalidateInfo":{"tags":["interception","CONFIG"],"mode":"matchingTag"},"is_exception":false} []
[2016-06-04 10:43:32] main.DEBUG: cache_invalidate:  {"method":"GET","url":"http://work:8085/jc16/php/admin/admin/system_design_theme/index/key/3e0414ba288227b2e8c177b54c5120c08906dfad7b53b9c12435b37bc3b0c5ed/","invalidateInfo":{"tags":["interception","CONFIG"],"mode":"matchingTag"},"is_exception":false} []
[2016-06-04 10:43:32] main.DEBUG: cache_invalidate:  {"method":"POST","url":"http://work:8085/jc16/php/setup/index.php/session/prolong","invalidateInfo":{"tags":["interception","CONFIG"],"mode":"matchingTag"},"is_exception":false} []
[2016-06-04 10:46:56] main.DEBUG: cache_invalidate:  {"method":"POST","url":"http://work:8085/jc16/php/setup/index.php/session/prolong","invalidateInfo":{"tags":["interception","CONFIG"],"mode":"matchingTag"},"is_exception":false} []
[2016-06-04 10:46:56] main.DEBUG: cache_invalidate:  {"method":"POST","url":"http://work:8085/jc16/php/setup/index.php/session/prolong","invalidateInfo":{"tags":["interception","CONFIG"],"mode":"matchingTag"},"is_exception":false} []
[2016-06-04 10:47:14] main.DEBUG: cache_invalidate:  {"method":"GET","url":"http://work:8085/jc16/php/admin/admin/cache/flushSystem/key/056905f06424a1e7d8eda699d9935d90035443cdcdb9938330f9ab93cdfa0656/","invalidateInfo":{"tags":[],"mode":"all"},"is_exception":false} []
[2016-06-04 10:47:14] main.DEBUG: cache_invalidate:  {"method":"GET","url":"http://work:8085/jc16/php/admin/admin/cache/flushSystem/key/056905f06424a1e7d8eda699d9935d90035443cdcdb9938330f9ab93cdfa0656/","invalidateInfo":{"tags":[],"mode":"all"},"is_exception":false} []
[2016-06-04 10:47:14] main.DEBUG: cache_invalidate:  {"method":"GET","url":"http://work:8085/jc16/php/admin/admin/cache/flushSystem/key/056905f06424a1e7d8eda699d9935d90035443cdcdb9938330f9ab93cdfa0656/","invalidateInfo":{"tags":[],"mode":"all"},"is_exception":false} []
[2016-06-04 10:47:14] main.DEBUG: cache_invalidate:  {"method":"GET","url":"http://work:8085/jc16/php/admin/admin/cache/flushSystem/key/056905f06424a1e7d8eda699d9935d90035443cdcdb9938330f9ab93cdfa0656/","invalidateInfo":{"tags":[],"mode":"all"},"is_exception":false} []
[2016-06-04 10:47:15] main.DEBUG: cache_invalidate:  {"method":"GET","url":"http://work:8085/jc16/php/admin/admin/cache/index/key/49b6318b3dfc0ec71a03312a2dd79828e708bbe66bec55d68ace3f085b6e11b0/","invalidateInfo":{"tags":["interception","CONFIG"],"mode":"matchingTag"},"is_exception":false} []
[2016-06-04 10:55:01] main.DEBUG: cache_invalidate:  {"method":"POST","url":"http://work:8085/jc16/php/admin/admin/system_config/save/section/design/key/a94ab8a77ec5fb14d6713e0e317a9de61e8518a0e869040c489690057904b889/","invalidateInfo":{"tags":["config_scopes","CONFIG"],"mode":"matchingTag"},"is_exception":false} []
[2016-06-04 10:58:36] main.DEBUG: cache_invalidate:  {"method":"GET","url":"http://work:8085/jc16/php/admin/admin/cache/flushSystem/key/056905f06424a1e7d8eda699d9935d90035443cdcdb9938330f9ab93cdfa0656/","invalidateInfo":{"tags":[],"mode":"all"},"is_exception":false} []
[2016-06-04 10:58:36] main.DEBUG: cache_invalidate:  {"method":"GET","url":"http://work:8085/jc16/php/admin/admin/cache/flushSystem/key/056905f06424a1e7d8eda699d9935d90035443cdcdb9938330f9ab93cdfa0656/","invalidateInfo":{"tags":[],"mode":"all"},"is_exception":false} []
[2016-06-04 10:58:36] main.DEBUG: cache_invalidate:  {"method":"GET","url":"http://work:8085/jc16/php/admin/admin/cache/flushSystem/key/056905f06424a1e7d8eda699d9935d90035443cdcdb9938330f9ab93cdfa0656/","invalidateInfo":{"tags":[],"mode":"all"},"is_exception":false} []
[2016-06-04 10:58:36] main.DEBUG: cache_invalidate:  {"method":"GET","url":"http://work:8085/jc16/php/admin/admin/cache/flushSystem/key/056905f06424a1e7d8eda699d9935d90035443cdcdb9938330f9ab93cdfa0656/","invalidateInfo":{"tags":[],"mode":"all"},"is_exception":false} []
[2016-06-04 10:58:37] main.DEBUG: cache_invalidate:  {"method":"GET","url":"http://work:8085/jc16/php/admin/admin/cache/index/key/49b6318b3dfc0ec71a03312a2dd79828e708bbe66bec55d68ace3f085b6e11b0/","invalidateInfo":{"tags":["interception","CONFIG"],"mode":"matchingTag"},"is_exception":false} []
[2016-06-04 11:36:17] main.DEBUG: cache_invalidate:  {"method":"POST","url":"http://work:8085/jc16/php/admin/admin/index/index/key/777838871f8f2420d8cd7954c8cee0c86ad5d8b284df9df162c59eb7d9a8168d/","invalidateInfo":{"tags":["BACKEND_MAINMENU"],"mode":"matchingAnyTag"},"is_exception":false} []
